2025-01-24 21:55:57.835 | INFO     | utils.utils_logger:<module>:38 - Logging to file: logs\project_log.log
2025-01-24 21:55:57.837 | INFO     | __main__:main:115 - START producer.
2025-01-24 21:55:57.837 | INFO     | utils.utils_producer:get_zookeeper_address:57 - Zookeeper address: localhost:2181
2025-01-24 21:55:57.841 | INFO     | utils.utils_producer:check_zookeeper_service_is_ready:79 - Zookeeper is ready at localhost:2181.
2025-01-24 21:55:57.841 | INFO     | utils.utils_producer:get_kafka_broker_address:50 - Kafka broker address: localhost:9092
2025-01-24 21:55:58.153 | INFO     | utils.utils_producer:check_kafka_service_is_ready:98 - Kafka is ready. Brokers: {'throttle_time_ms': 0, 'brokers': [{'node_id': 1001, 'host': 'localhost', 'port': 9092, 'rack': None}], 'cluster_id': 'b_YEc9_mSjyM5tN5MA9yMQ', 'controller_id': 1001}
2025-01-24 21:55:58.154 | INFO     | __main__:get_kafka_topic:41 - Kafka topic: buzzline
2025-01-24 21:55:58.155 | INFO     | __main__:get_message_interval:48 - Message interval: 1 seconds
2025-01-24 21:55:58.155 | INFO     | utils.utils_producer:get_kafka_broker_address:50 - Kafka broker address: localhost:9092
2025-01-24 21:55:58.155 | INFO     | utils.utils_producer:create_kafka_producer:146 - Connecting to Kafka broker at localhost:9092...
2025-01-24 21:55:58.260 | INFO     | utils.utils_producer:create_kafka_producer:151 - Kafka producer successfully created.
2025-01-24 21:55:58.260 | INFO     | utils.utils_producer:get_kafka_broker_address:50 - Kafka broker address: localhost:9092
2025-01-24 21:55:58.571 | INFO     | utils.utils_producer:create_kafka_topic:172 - Topic 'buzzline' already exists. Clearing it out...
2025-01-24 21:55:58.572 | INFO     | utils.utils_producer:get_kafka_broker_address:50 - Kafka broker address: localhost:9092
2025-01-24 21:55:58.886 | ERROR    | utils.utils_producer:clear_kafka_topic:235 - Error managing retention for topic 'buzzline': list indices must be integers or slices, not ConfigResource
2025-01-24 21:55:58.887 | INFO     | __main__:main:131 - Kafka topic 'buzzline' is ready.
2025-01-24 21:55:58.887 | INFO     | __main__:main:137 - Starting message production to topic 'buzzline'...
2025-01-24 21:55:58.887 | INFO     | __main__:generate_messages:89 - Generated buzz: The Denver Nuggets are going to reclaim the title this year
2025-01-24 21:55:58.888 | INFO     | __main__:generate_messages:91 - Sent message to topic 'buzzline': The Denver Nuggets are going to reclaim the title this year
2025-01-24 21:55:59.888 | INFO     | __main__:generate_messages:89 - Generated buzz: Go KC Chiefs, yeah!!!
2025-01-24 21:55:59.888 | INFO     | __main__:generate_messages:91 - Sent message to topic 'buzzline': Go KC Chiefs, yeah!!!
2025-01-24 21:56:00.889 | INFO     | __main__:generate_messages:89 - Generated buzz: The Timberwolves aren't down and out, yet. They'll bounce back
2025-01-24 21:56:00.889 | INFO     | __main__:generate_messages:91 - Sent message to topic 'buzzline': The Timberwolves aren't down and out, yet. They'll bounce back
2025-01-24 21:56:01.891 | INFO     | __main__:generate_messages:89 - Generated buzz: The Jazz will have a comeback season next year!
2025-01-24 21:56:01.891 | INFO     | __main__:generate_messages:91 - Sent message to topic 'buzzline': The Jazz will have a comeback season next year!
2025-01-24 21:56:02.892 | INFO     | __main__:generate_messages:89 - Generated buzz: The Knicks are going to win it all
2025-01-24 21:56:02.892 | INFO     | __main__:generate_messages:91 - Sent message to topic 'buzzline': The Knicks are going to win it all
2025-01-24 21:56:03.893 | INFO     | __main__:generate_messages:89 - Generated buzz: I haven't looked but I bet the Wizards are doing great!
2025-01-24 21:56:03.893 | INFO     | __main__:generate_messages:91 - Sent message to topic 'buzzline': I haven't looked but I bet the Wizards are doing great!
2025-01-24 21:56:04.894 | INFO     | __main__:generate_messages:89 - Generated buzz: The celtics are going to go back to back!
2025-01-24 21:56:04.894 | INFO     | __main__:generate_messages:91 - Sent message to topic 'buzzline': The celtics are going to go back to back!
2025-01-24 21:56:05.895 | INFO     | __main__:generate_messages:89 - Generated buzz: It's Cleveland's year.
2025-01-24 21:56:05.895 | INFO     | __main__:generate_messages:91 - Sent message to topic 'buzzline': It's Cleveland's year.
2025-01-24 21:56:06.897 | INFO     | __main__:generate_messages:89 - Generated buzz: I'm pulling to the Clippers!
2025-01-24 21:56:06.897 | INFO     | __main__:generate_messages:91 - Sent message to topic 'buzzline': I'm pulling to the Clippers!
2025-01-24 21:56:07.898 | INFO     | __main__:generate_messages:89 - Generated buzz: OKC Thunder let's goooo
2025-01-24 21:56:07.898 | INFO     | __main__:generate_messages:91 - Sent message to topic 'buzzline': OKC Thunder let's goooo
2025-01-24 21:56:08.899 | INFO     | __main__:generate_messages:89 - Generated buzz: Rockets to the moon!
2025-01-24 21:56:08.899 | INFO     | __main__:generate_messages:91 - Sent message to topic 'buzzline': Rockets to the moon!
2025-01-24 21:56:09.900 | INFO     | __main__:generate_messages:89 - Generated buzz: LeBron and Bronny magic, let's see it!
2025-01-24 21:56:09.900 | INFO     | __main__:generate_messages:91 - Sent message to topic 'buzzline': LeBron and Bronny magic, let's see it!
2025-01-24 21:56:10.901 | INFO     | __main__:generate_messages:89 - Generated buzz: The suns are lookin HOT
2025-01-24 21:56:10.902 | INFO     | __main__:generate_messages:91 - Sent message to topic 'buzzline': The suns are lookin HOT
2025-01-24 21:56:11.902 | INFO     | __main__:generate_messages:89 - Generated buzz: Grizzlies are going to destroy the competition come playoffs
2025-01-24 21:56:11.902 | INFO     | __main__:generate_messages:91 - Sent message to topic 'buzzline': Grizzlies are going to destroy the competition come playoffs
2025-01-24 21:56:12.903 | INFO     | __main__:generate_messages:89 - Generated buzz: Come on, Heat. Quit giving me a stroke
2025-01-24 21:56:12.903 | INFO     | __main__:generate_messages:91 - Sent message to topic 'buzzline': Come on, Heat. Quit giving me a stroke
2025-01-24 21:56:13.025 | INFO     | utils.utils_logger:<module>:38 - Logging to file: logs\project_log.log
2025-01-24 21:56:13.026 | INFO     | __main__:main:78 - START consumer.
2025-01-24 21:56:13.026 | INFO     | __main__:get_kafka_topic:35 - Kafka topic: buzzline
2025-01-24 21:56:13.027 | INFO     | __main__:get_kafka_consumer_group_id:42 - Kafka consumer group id: default_group
2025-01-24 21:56:13.027 | INFO     | __main__:main:83 - Consumer: Topic 'buzzline' and group 'default_group'...
2025-01-24 21:56:13.027 | INFO     | utils.utils_producer:get_kafka_broker_address:50 - Kafka broker address: localhost:9092
2025-01-24 21:56:13.027 | INFO     | utils.utils_consumer:create_kafka_consumer:44 - Creating Kafka consumer. Topic='buzzline' and group ID='default_group'.
2025-01-24 21:56:13.133 | INFO     | utils.utils_consumer:create_kafka_consumer:57 - Kafka consumer created successfully.
2025-01-24 21:56:13.134 | INFO     | __main__:main:89 - Polling messages from topic 'buzzline'...
2025-01-24 21:56:13.294 | INFO     | __main__:process_message:62 - Fan note logged! - Kafka is awesome.
2025-01-24 21:56:13.294 | INFO     | __main__:process_message:62 - Fan note logged! - Streaming data is fun.
2025-01-24 21:56:13.294 | INFO     | __main__:process_message:62 - Fan note logged! - This is a buzz message.
2025-01-24 21:56:13.294 | INFO     | __main__:process_message:62 - Fan note logged! - The Denver Nuggets are going to reclaim the title this year
2025-01-24 21:56:13.294 | INFO     | __main__:process_message:58 - Are you lost? That's not the NBA! - Go KC Chiefs, yeah!!!
2025-01-24 21:56:13.294 | INFO     | __main__:process_message:62 - Fan note logged! - The Timberwolves aren't down and out, yet. They'll bounce back
2025-01-24 21:56:13.296 | INFO     | __main__:process_message:62 - Fan note logged! - The Knicks are going to win it all
2025-01-24 21:56:13.296 | INFO     | __main__:process_message:62 - Fan note logged! - The celtics are going to go back to back!
2025-01-24 21:56:13.296 | INFO     | __main__:process_message:62 - Fan note logged! - It's Cleveland's year.
2025-01-24 21:56:13.296 | INFO     | __main__:process_message:62 - Fan note logged! - I'm pulling to the Clippers!
2025-01-24 21:56:13.297 | INFO     | __main__:process_message:62 - Fan note logged! - OKC Thunder let's goooo
2025-01-24 21:56:13.297 | INFO     | __main__:process_message:62 - Fan note logged! - Rockets to the moon!
2025-01-24 21:56:13.297 | INFO     | __main__:process_message:62 - Fan note logged! - LeBron and Bronny magic, let's see it!
2025-01-24 21:56:13.297 | INFO     | __main__:process_message:62 - Fan note logged! - The suns are lookin HOT
2025-01-24 21:56:13.297 | INFO     | __main__:process_message:62 - Fan note logged! - Grizzlies are going to destroy the competition come playoffs
2025-01-24 21:56:13.298 | INFO     | __main__:process_message:62 - Fan note logged! - Come on, Heat. Quit giving me a stroke
2025-01-24 21:56:13.298 | INFO     | __main__:process_message:62 - Fan note logged! - Is MJ still on the Bulls?
2025-01-24 21:56:13.298 | INFO     | __main__:process_message:62 - Fan note logged! - I believe in that Orlando MAGIC!
2025-01-24 21:56:13.298 | INFO     | __main__:process_message:62 - Fan note logged! - The Denver Nuggets are going to reclaim the title this year
2025-01-24 21:56:13.299 | INFO     | __main__:process_message:58 - Are you lost? That's not the NBA! - Go KC Chiefs, yeah!!!
2025-01-24 21:56:13.299 | INFO     | __main__:process_message:62 - Fan note logged! - The Timberwolves aren't down and out, yet. They'll bounce back
2025-01-24 21:56:13.299 | INFO     | __main__:process_message:62 - Fan note logged! - The Knicks are going to win it all
2025-01-24 21:56:13.299 | INFO     | __main__:process_message:62 - Fan note logged! - The celtics are going to go back to back!
2025-01-24 21:56:13.300 | INFO     | __main__:process_message:62 - Fan note logged! - It's Cleveland's year.
2025-01-24 21:56:13.300 | INFO     | __main__:process_message:62 - Fan note logged! - I'm pulling to the Clippers!
2025-01-24 21:56:13.300 | INFO     | __main__:process_message:62 - Fan note logged! - OKC Thunder let's goooo
2025-01-24 21:56:13.300 | INFO     | __main__:process_message:62 - Fan note logged! - Rockets to the moon!
2025-01-24 21:56:13.300 | INFO     | __main__:process_message:62 - Fan note logged! - LeBron and Bronny magic, let's see it!
2025-01-24 21:56:13.301 | INFO     | __main__:process_message:62 - Fan note logged! - The suns are lookin HOT
2025-01-24 21:56:13.301 | INFO     | __main__:process_message:62 - Fan note logged! - Grizzlies are going to destroy the competition come playoffs
2025-01-24 21:56:13.301 | INFO     | __main__:process_message:62 - Fan note logged! - Come on, Heat. Quit giving me a stroke
2025-01-24 21:56:13.301 | INFO     | __main__:process_message:62 - Fan note logged! - Is MJ still on the Bulls?
2025-01-24 21:56:13.301 | INFO     | __main__:process_message:62 - Fan note logged! - I believe in that Orlando MAGIC!
2025-01-24 21:56:13.301 | INFO     | __main__:process_message:62 - Fan note logged! - The Denver Nuggets are going to reclaim the title this year
2025-01-24 21:56:13.301 | INFO     | __main__:process_message:58 - Are you lost? That's not the NBA! - Go KC Chiefs, yeah!!!
2025-01-24 21:56:13.301 | INFO     | __main__:process_message:62 - Fan note logged! - The Timberwolves aren't down and out, yet. They'll bounce back
2025-01-24 21:56:13.302 | INFO     | __main__:process_message:62 - Fan note logged! - The Knicks are going to win it all
2025-01-24 21:56:13.302 | INFO     | __main__:process_message:62 - Fan note logged! - The celtics are going to go back to back!
2025-01-24 21:56:13.302 | INFO     | __main__:process_message:62 - Fan note logged! - It's Cleveland's year.
2025-01-24 21:56:13.303 | INFO     | __main__:process_message:62 - Fan note logged! - I'm pulling to the Clippers!
2025-01-24 21:56:13.303 | INFO     | __main__:process_message:62 - Fan note logged! - OKC Thunder let's goooo
2025-01-24 21:56:13.303 | INFO     | __main__:process_message:62 - Fan note logged! - Rockets to the moon!
2025-01-24 21:56:13.303 | INFO     | __main__:process_message:62 - Fan note logged! - LeBron and Bronny magic, let's see it!
2025-01-24 21:56:13.303 | INFO     | __main__:process_message:62 - Fan note logged! - The suns are lookin HOT
2025-01-24 21:56:13.303 | INFO     | __main__:process_message:62 - Fan note logged! - Grizzlies are going to destroy the competition come playoffs
2025-01-24 21:56:13.304 | INFO     | __main__:process_message:62 - Fan note logged! - Come on, Heat. Quit giving me a stroke
2025-01-24 21:56:13.304 | INFO     | __main__:process_message:62 - Fan note logged! - Is MJ still on the Bulls?
2025-01-24 21:56:13.304 | INFO     | __main__:process_message:62 - Fan note logged! - I believe in that Orlando MAGIC!
2025-01-24 21:56:13.304 | INFO     | __main__:process_message:62 - Fan note logged! - The Denver Nuggets are going to reclaim the title this year
2025-01-24 21:56:13.305 | INFO     | __main__:process_message:58 - Are you lost? That's not the NBA! - Go KC Chiefs, yeah!!!
2025-01-24 21:56:13.305 | INFO     | __main__:process_message:62 - Fan note logged! - The Timberwolves aren't down and out, yet. They'll bounce back
2025-01-24 21:56:13.305 | INFO     | __main__:process_message:62 - Fan note logged! - The Knicks are going to win it all
2025-01-24 21:56:13.305 | INFO     | __main__:process_message:62 - Fan note logged! - The celtics are going to go back to back!
2025-01-24 21:56:13.307 | INFO     | __main__:process_message:62 - Fan note logged! - It's Cleveland's year.
2025-01-24 21:56:13.307 | INFO     | __main__:process_message:62 - Fan note logged! - I'm pulling to the Clippers!
2025-01-24 21:56:13.307 | INFO     | __main__:process_message:62 - Fan note logged! - OKC Thunder let's goooo
2025-01-24 21:56:13.307 | INFO     | __main__:process_message:62 - Fan note logged! - Rockets to the moon!
2025-01-24 21:56:13.307 | INFO     | __main__:process_message:62 - Fan note logged! - LeBron and Bronny magic, let's see it!
2025-01-24 21:56:13.307 | INFO     | __main__:process_message:62 - Fan note logged! - The suns are lookin HOT
2025-01-24 21:56:13.307 | INFO     | __main__:process_message:62 - Fan note logged! - Grizzlies are going to destroy the competition come playoffs
2025-01-24 21:56:13.307 | INFO     | __main__:process_message:62 - Fan note logged! - Come on, Heat. Quit giving me a stroke
2025-01-24 21:56:13.308 | INFO     | __main__:process_message:62 - Fan note logged! - Is MJ still on the Bulls?
2025-01-24 21:56:13.308 | INFO     | __main__:process_message:62 - Fan note logged! - I believe in that Orlando MAGIC!
2025-01-24 21:56:13.308 | INFO     | __main__:process_message:62 - Fan note logged! - The Denver Nuggets are going to reclaim the title this year
2025-01-24 21:56:13.308 | INFO     | __main__:process_message:58 - Are you lost? That's not the NBA! - Go KC Chiefs, yeah!!!
2025-01-24 21:56:13.308 | INFO     | __main__:process_message:62 - Fan note logged! - The Timberwolves aren't down and out, yet. They'll bounce back
2025-01-24 21:56:13.309 | INFO     | __main__:process_message:62 - Fan note logged! - The Knicks are going to win it all
2025-01-24 21:56:13.309 | INFO     | __main__:process_message:62 - Fan note logged! - The celtics are going to go back to back!
2025-01-24 21:56:13.309 | INFO     | __main__:process_message:62 - Fan note logged! - It's Cleveland's year.
2025-01-24 21:56:13.309 | INFO     | __main__:process_message:62 - Fan note logged! - I'm pulling to the Clippers!
2025-01-24 21:56:13.309 | INFO     | __main__:process_message:62 - Fan note logged! - OKC Thunder let's goooo
2025-01-24 21:56:13.310 | INFO     | __main__:process_message:62 - Fan note logged! - Rockets to the moon!
2025-01-24 21:56:13.310 | INFO     | __main__:process_message:62 - Fan note logged! - LeBron and Bronny magic, let's see it!
2025-01-24 21:56:13.310 | INFO     | __main__:process_message:62 - Fan note logged! - The suns are lookin HOT
2025-01-24 21:56:13.310 | INFO     | __main__:process_message:62 - Fan note logged! - Grizzlies are going to destroy the competition come playoffs
2025-01-24 21:56:13.310 | INFO     | __main__:process_message:62 - Fan note logged! - Come on, Heat. Quit giving me a stroke
2025-01-24 21:56:13.311 | INFO     | __main__:process_message:62 - Fan note logged! - Is MJ still on the Bulls?
2025-01-24 21:56:13.311 | INFO     | __main__:process_message:62 - Fan note logged! - I believe in that Orlando MAGIC!
2025-01-24 21:56:13.311 | INFO     | __main__:process_message:62 - Fan note logged! - The Denver Nuggets are going to reclaim the title this year
2025-01-24 21:56:13.311 | INFO     | __main__:process_message:58 - Are you lost? That's not the NBA! - Go KC Chiefs, yeah!!!
2025-01-24 21:56:13.311 | INFO     | __main__:process_message:62 - Fan note logged! - The Timberwolves aren't down and out, yet. They'll bounce back
2025-01-24 21:56:13.312 | INFO     | __main__:process_message:62 - Fan note logged! - The Knicks are going to win it all
2025-01-24 21:56:13.312 | INFO     | __main__:process_message:62 - Fan note logged! - The celtics are going to go back to back!
2025-01-24 21:56:13.312 | INFO     | __main__:process_message:62 - Fan note logged! - It's Cleveland's year.
2025-01-24 21:56:13.312 | INFO     | __main__:process_message:62 - Fan note logged! - I'm pulling to the Clippers!
2025-01-24 21:56:13.312 | INFO     | __main__:process_message:62 - Fan note logged! - OKC Thunder let's goooo
2025-01-24 21:56:13.313 | INFO     | __main__:process_message:62 - Fan note logged! - Rockets to the moon!
2025-01-24 21:56:13.313 | INFO     | __main__:process_message:62 - Fan note logged! - LeBron and Bronny magic, let's see it!
2025-01-24 21:56:13.313 | INFO     | __main__:process_message:62 - Fan note logged! - The suns are lookin HOT
2025-01-24 21:56:13.313 | INFO     | __main__:process_message:62 - Fan note logged! - Grizzlies are going to destroy the competition come playoffs
2025-01-24 21:56:13.314 | INFO     | __main__:process_message:62 - Fan note logged! - Come on, Heat. Quit giving me a stroke
2025-01-24 21:56:13.314 | INFO     | __main__:process_message:62 - Fan note logged! - Is MJ still on the Bulls?
2025-01-24 21:56:13.314 | INFO     | __main__:process_message:62 - Fan note logged! - I believe in that Orlando MAGIC!
2025-01-24 21:56:13.314 | INFO     | __main__:process_message:62 - Fan note logged! - The Denver Nuggets are going to reclaim the title this year
2025-01-24 21:56:13.315 | INFO     | __main__:process_message:62 - Fan note logged! - The Denver Nuggets are going to reclaim the title this year
2025-01-24 21:56:13.315 | INFO     | __main__:process_message:58 - Are you lost? That's not the NBA! - Go KC Chiefs, yeah!!!
2025-01-24 21:56:13.315 | INFO     | __main__:process_message:58 - Are you lost? That's not the NBA! - Go KC Chiefs, yeah!!!
2025-01-24 21:56:13.315 | INFO     | __main__:process_message:62 - Fan note logged! - The Timberwolves aren't down and out, yet. They'll bounce back
2025-01-24 21:56:13.316 | INFO     | __main__:process_message:62 - Fan note logged! - The Timberwolves aren't down and out, yet. They'll bounce back
2025-01-24 21:56:13.317 | INFO     | __main__:process_message:62 - Fan note logged! - The Knicks are going to win it all
2025-01-24 21:56:13.317 | INFO     | __main__:process_message:62 - Fan note logged! - The Knicks are going to win it all
2025-01-24 21:56:13.317 | INFO     | __main__:process_message:62 - Fan note logged! - The celtics are going to go back to back!
2025-01-24 21:56:13.317 | INFO     | __main__:process_message:62 - Fan note logged! - The celtics are going to go back to back!
2025-01-24 21:56:13.318 | INFO     | __main__:process_message:62 - Fan note logged! - It's Cleveland's year.
2025-01-24 21:56:13.318 | INFO     | __main__:process_message:62 - Fan note logged! - It's Cleveland's year.
2025-01-24 21:56:13.318 | INFO     | __main__:process_message:62 - Fan note logged! - I'm pulling to the Clippers!
2025-01-24 21:56:13.318 | INFO     | __main__:process_message:62 - Fan note logged! - I'm pulling to the Clippers!
2025-01-24 21:56:13.318 | INFO     | __main__:process_message:62 - Fan note logged! - OKC Thunder let's goooo
2025-01-24 21:56:13.319 | INFO     | __main__:process_message:62 - Fan note logged! - OKC Thunder let's goooo
2025-01-24 21:56:13.319 | INFO     | __main__:process_message:62 - Fan note logged! - Rockets to the moon!
2025-01-24 21:56:13.319 | INFO     | __main__:process_message:62 - Fan note logged! - Rockets to the moon!
2025-01-24 21:56:13.319 | INFO     | __main__:process_message:62 - Fan note logged! - LeBron and Bronny magic, let's see it!
2025-01-24 21:56:13.320 | INFO     | __main__:process_message:62 - Fan note logged! - LeBron and Bronny magic, let's see it!
2025-01-24 21:56:13.320 | INFO     | __main__:process_message:62 - Fan note logged! - The suns are lookin HOT
2025-01-24 21:56:13.320 | INFO     | __main__:process_message:62 - Fan note logged! - The suns are lookin HOT
2025-01-24 21:56:13.320 | INFO     | __main__:process_message:62 - Fan note logged! - Grizzlies are going to destroy the competition come playoffs
2025-01-24 21:56:13.320 | INFO     | __main__:process_message:62 - Fan note logged! - Grizzlies are going to destroy the competition come playoffs
2025-01-24 21:56:13.320 | INFO     | __main__:process_message:62 - Fan note logged! - Come on, Heat. Quit giving me a stroke
2025-01-24 21:56:13.320 | INFO     | __main__:process_message:62 - Fan note logged! - Come on, Heat. Quit giving me a stroke
2025-01-24 21:56:13.320 | INFO     | __main__:process_message:62 - Fan note logged! - Is MJ still on the Bulls?
2025-01-24 21:56:13.320 | INFO     | __main__:process_message:62 - Fan note logged! - Is MJ still on the Bulls?
2025-01-24 21:56:13.322 | INFO     | __main__:process_message:62 - Fan note logged! - I believe in that Orlando MAGIC!
2025-01-24 21:56:13.322 | INFO     | __main__:process_message:62 - Fan note logged! - I believe in that Orlando MAGIC!
2025-01-24 21:56:13.322 | INFO     | __main__:process_message:62 - Fan note logged! - The Denver Nuggets are going to reclaim the title this year
2025-01-24 21:56:13.322 | INFO     | __main__:process_message:62 - Fan note logged! - The Denver Nuggets are going to reclaim the title this year
2025-01-24 21:56:13.322 | INFO     | __main__:process_message:58 - Are you lost? That's not the NBA! - Go KC Chiefs, yeah!!!
2025-01-24 21:56:13.323 | INFO     | __main__:process_message:58 - Are you lost? That's not the NBA! - Go KC Chiefs, yeah!!!
2025-01-24 21:56:13.323 | INFO     | __main__:process_message:62 - Fan note logged! - The Timberwolves aren't down and out, yet. They'll bounce back
2025-01-24 21:56:13.323 | INFO     | __main__:process_message:62 - Fan note logged! - The Timberwolves aren't down and out, yet. They'll bounce back
2025-01-24 21:56:13.324 | INFO     | __main__:process_message:62 - Fan note logged! - The Knicks are going to win it all
2025-01-24 21:56:13.324 | INFO     | __main__:process_message:62 - Fan note logged! - The Knicks are going to win it all
2025-01-24 21:56:13.324 | INFO     | __main__:process_message:62 - Fan note logged! - The celtics are going to go back to back!
2025-01-24 21:56:13.324 | INFO     | __main__:process_message:62 - Fan note logged! - The celtics are going to go back to back!
2025-01-24 21:56:13.325 | INFO     | __main__:process_message:62 - Fan note logged! - It's Cleveland's year.
2025-01-24 21:56:13.325 | INFO     | __main__:process_message:62 - Fan note logged! - It's Cleveland's year.
2025-01-24 21:56:13.325 | INFO     | __main__:process_message:62 - Fan note logged! - I'm pulling to the Clippers!
2025-01-24 21:56:13.325 | INFO     | __main__:process_message:62 - Fan note logged! - I'm pulling to the Clippers!
2025-01-24 21:56:13.326 | INFO     | __main__:process_message:62 - Fan note logged! - OKC Thunder let's goooo
2025-01-24 21:56:13.326 | INFO     | __main__:process_message:62 - Fan note logged! - OKC Thunder let's goooo
2025-01-24 21:56:13.326 | INFO     | __main__:process_message:62 - Fan note logged! - Rockets to the moon!
2025-01-24 21:56:13.326 | INFO     | __main__:process_message:62 - Fan note logged! - Rockets to the moon!
2025-01-24 21:56:13.326 | INFO     | __main__:process_message:62 - Fan note logged! - LeBron and Bronny magic, let's see it!
2025-01-24 21:56:13.327 | INFO     | __main__:process_message:62 - Fan note logged! - LeBron and Bronny magic, let's see it!
2025-01-24 21:56:13.327 | INFO     | __main__:process_message:62 - Fan note logged! - The suns are lookin HOT
2025-01-24 21:56:13.327 | INFO     | __main__:process_message:62 - Fan note logged! - The suns are lookin HOT
2025-01-24 21:56:13.327 | INFO     | __main__:process_message:62 - Fan note logged! - Grizzlies are going to destroy the competition come playoffs
2025-01-24 21:56:13.327 | INFO     | __main__:process_message:62 - Fan note logged! - Grizzlies are going to destroy the competition come playoffs
2025-01-24 21:56:13.328 | INFO     | __main__:process_message:62 - Fan note logged! - Come on, Heat. Quit giving me a stroke
2025-01-24 21:56:13.328 | INFO     | __main__:process_message:62 - Fan note logged! - Come on, Heat. Quit giving me a stroke
2025-01-24 21:56:13.328 | INFO     | __main__:process_message:62 - Fan note logged! - Is MJ still on the Bulls?
2025-01-24 21:56:13.328 | INFO     | __main__:process_message:62 - Fan note logged! - Is MJ still on the Bulls?
2025-01-24 21:56:13.328 | INFO     | __main__:process_message:62 - Fan note logged! - I believe in that Orlando MAGIC!
2025-01-24 21:56:13.329 | INFO     | __main__:process_message:62 - Fan note logged! - I believe in that Orlando MAGIC!
2025-01-24 21:56:13.329 | INFO     | __main__:process_message:62 - Fan note logged! - The Denver Nuggets are going to reclaim the title this year
2025-01-24 21:56:13.329 | INFO     | __main__:process_message:62 - Fan note logged! - The Denver Nuggets are going to reclaim the title this year
2025-01-24 21:56:13.329 | INFO     | __main__:process_message:58 - Are you lost? That's not the NBA! - Go KC Chiefs, yeah!!!
2025-01-24 21:56:13.329 | INFO     | __main__:process_message:58 - Are you lost? That's not the NBA! - Go KC Chiefs, yeah!!!
2025-01-24 21:56:13.329 | INFO     | __main__:process_message:62 - Fan note logged! - The Timberwolves aren't down and out, yet. They'll bounce back
2025-01-24 21:56:13.330 | INFO     | __main__:process_message:62 - Fan note logged! - The Timberwolves aren't down and out, yet. They'll bounce back
2025-01-24 21:56:13.330 | INFO     | __main__:process_message:62 - Fan note logged! - The Knicks are going to win it all
2025-01-24 21:56:13.330 | INFO     | __main__:process_message:62 - Fan note logged! - The Knicks are going to win it all
2025-01-24 21:56:13.331 | INFO     | __main__:process_message:62 - Fan note logged! - The celtics are going to go back to back!
2025-01-24 21:56:13.331 | INFO     | __main__:process_message:62 - Fan note logged! - The celtics are going to go back to back!
2025-01-24 21:56:13.331 | INFO     | __main__:process_message:62 - Fan note logged! - It's Cleveland's year.
2025-01-24 21:56:13.332 | INFO     | __main__:process_message:62 - Fan note logged! - It's Cleveland's year.
2025-01-24 21:56:13.332 | INFO     | __main__:process_message:62 - Fan note logged! - I'm pulling to the Clippers!
2025-01-24 21:56:13.332 | INFO     | __main__:process_message:62 - Fan note logged! - I'm pulling to the Clippers!
2025-01-24 21:56:13.332 | INFO     | __main__:process_message:62 - Fan note logged! - OKC Thunder let's goooo
2025-01-24 21:56:13.333 | INFO     | __main__:process_message:62 - Fan note logged! - OKC Thunder let's goooo
2025-01-24 21:56:13.333 | INFO     | __main__:process_message:62 - Fan note logged! - Rockets to the moon!
2025-01-24 21:56:13.333 | INFO     | __main__:process_message:62 - Fan note logged! - Rockets to the moon!
2025-01-24 21:56:13.333 | INFO     | __main__:process_message:62 - Fan note logged! - LeBron and Bronny magic, let's see it!
2025-01-24 21:56:13.334 | INFO     | __main__:process_message:62 - Fan note logged! - LeBron and Bronny magic, let's see it!
2025-01-24 21:56:13.334 | INFO     | __main__:process_message:62 - Fan note logged! - The suns are lookin HOT
2025-01-24 21:56:13.334 | INFO     | __main__:process_message:62 - Fan note logged! - The suns are lookin HOT
2025-01-24 21:56:13.334 | INFO     | __main__:process_message:62 - Fan note logged! - Grizzlies are going to destroy the competition come playoffs
2025-01-24 21:56:13.334 | INFO     | __main__:process_message:62 - Fan note logged! - Grizzlies are going to destroy the competition come playoffs
2025-01-24 21:56:13.335 | INFO     | __main__:process_message:62 - Fan note logged! - Come on, Heat. Quit giving me a stroke
2025-01-24 21:56:13.335 | INFO     | __main__:process_message:62 - Fan note logged! - Come on, Heat. Quit giving me a stroke
2025-01-24 21:56:13.335 | INFO     | __main__:process_message:62 - Fan note logged! - Is MJ still on the Bulls?
2025-01-24 21:56:13.335 | INFO     | __main__:process_message:62 - Fan note logged! - Is MJ still on the Bulls?
2025-01-24 21:56:13.335 | INFO     | __main__:process_message:62 - Fan note logged! - I believe in that Orlando MAGIC!
2025-01-24 21:56:13.336 | INFO     | __main__:process_message:62 - Fan note logged! - I believe in that Orlando MAGIC!
2025-01-24 21:56:13.336 | INFO     | __main__:process_message:62 - Fan note logged! - The Denver Nuggets are going to reclaim the title this year
2025-01-24 21:56:13.336 | INFO     | __main__:process_message:62 - Fan note logged! - The Denver Nuggets are going to reclaim the title this year
2025-01-24 21:56:13.336 | INFO     | __main__:process_message:58 - Are you lost? That's not the NBA! - Go KC Chiefs, yeah!!!
2025-01-24 21:56:13.336 | INFO     | __main__:process_message:58 - Are you lost? That's not the NBA! - Go KC Chiefs, yeah!!!
2025-01-24 21:56:13.336 | INFO     | __main__:process_message:62 - Fan note logged! - The Timberwolves aren't down and out, yet. They'll bounce back
2025-01-24 21:56:13.337 | INFO     | __main__:process_message:62 - Fan note logged! - The Timberwolves aren't down and out, yet. They'll bounce back
2025-01-24 21:56:13.337 | INFO     | __main__:process_message:62 - Fan note logged! - The Knicks are going to win it all
2025-01-24 21:56:13.337 | INFO     | __main__:process_message:62 - Fan note logged! - The Knicks are going to win it all
2025-01-24 21:56:13.338 | INFO     | __main__:process_message:62 - Fan note logged! - The celtics are going to go back to back!
2025-01-24 21:56:13.338 | INFO     | __main__:process_message:62 - Fan note logged! - The celtics are going to go back to back!
2025-01-24 21:56:13.338 | INFO     | __main__:process_message:62 - Fan note logged! - It's Cleveland's year.
2025-01-24 21:56:13.338 | INFO     | __main__:process_message:62 - Fan note logged! - It's Cleveland's year.
2025-01-24 21:56:13.338 | INFO     | __main__:process_message:62 - Fan note logged! - I'm pulling to the Clippers!
2025-01-24 21:56:13.339 | INFO     | __main__:process_message:62 - Fan note logged! - I'm pulling to the Clippers!
2025-01-24 21:56:13.339 | INFO     | __main__:process_message:62 - Fan note logged! - OKC Thunder let's goooo
2025-01-24 21:56:13.339 | INFO     | __main__:process_message:62 - Fan note logged! - OKC Thunder let's goooo
2025-01-24 21:56:13.339 | INFO     | __main__:process_message:62 - Fan note logged! - Rockets to the moon!
2025-01-24 21:56:13.339 | INFO     | __main__:process_message:62 - Fan note logged! - Rockets to the moon!
2025-01-24 21:56:13.339 | INFO     | __main__:process_message:62 - Fan note logged! - LeBron and Bronny magic, let's see it!
2025-01-24 21:56:13.340 | INFO     | __main__:process_message:62 - Fan note logged! - LeBron and Bronny magic, let's see it!
2025-01-24 21:56:13.340 | INFO     | __main__:process_message:62 - Fan note logged! - The suns are lookin HOT
2025-01-24 21:56:13.340 | INFO     | __main__:process_message:62 - Fan note logged! - The suns are lookin HOT
2025-01-24 21:56:13.340 | INFO     | __main__:process_message:62 - Fan note logged! - Grizzlies are going to destroy the competition come playoffs
2025-01-24 21:56:13.341 | INFO     | __main__:process_message:62 - Fan note logged! - Grizzlies are going to destroy the competition come playoffs
2025-01-24 21:56:13.341 | INFO     | __main__:process_message:62 - Fan note logged! - Come on, Heat. Quit giving me a stroke
2025-01-24 21:56:13.341 | INFO     | __main__:process_message:62 - Fan note logged! - The Denver Nuggets are going to reclaim the title this year
2025-01-24 21:56:13.341 | INFO     | __main__:process_message:58 - Are you lost? That's not the NBA! - Go KC Chiefs, yeah!!!
2025-01-24 21:56:13.341 | INFO     | __main__:process_message:62 - Fan note logged! - The Timberwolves aren't down and out, yet. They'll bounce back
2025-01-24 21:56:13.342 | INFO     | __main__:process_message:62 - Fan note logged! - The Knicks are going to win it all
2025-01-24 21:56:13.342 | INFO     | __main__:process_message:62 - Fan note logged! - The celtics are going to go back to back!
2025-01-24 21:56:13.342 | INFO     | __main__:process_message:62 - Fan note logged! - It's Cleveland's year.
2025-01-24 21:56:13.342 | INFO     | __main__:process_message:62 - Fan note logged! - I'm pulling to the Clippers!
2025-01-24 21:56:13.342 | INFO     | __main__:process_message:62 - Fan note logged! - OKC Thunder let's goooo
2025-01-24 21:56:13.342 | INFO     | __main__:process_message:62 - Fan note logged! - Rockets to the moon!
2025-01-24 21:56:13.343 | INFO     | __main__:process_message:62 - Fan note logged! - LeBron and Bronny magic, let's see it!
2025-01-24 21:56:13.343 | INFO     | __main__:process_message:62 - Fan note logged! - The suns are lookin HOT
2025-01-24 21:56:13.343 | INFO     | __main__:process_message:62 - Fan note logged! - Grizzlies are going to destroy the competition come playoffs
2025-01-24 21:56:13.343 | INFO     | __main__:process_message:62 - Fan note logged! - Come on, Heat. Quit giving me a stroke
2025-01-24 21:56:13.904 | INFO     | __main__:generate_messages:89 - Generated buzz: Is MJ still on the Bulls?
2025-01-24 21:56:13.904 | INFO     | __main__:generate_messages:91 - Sent message to topic 'buzzline': Is MJ still on the Bulls?
2025-01-24 21:56:13.911 | INFO     | __main__:process_message:62 - Fan note logged! - Is MJ still on the Bulls?
2025-01-24 21:56:14.905 | INFO     | __main__:generate_messages:89 - Generated buzz: I believe in that Orlando MAGIC!
2025-01-24 21:56:14.905 | INFO     | __main__:generate_messages:91 - Sent message to topic 'buzzline': I believe in that Orlando MAGIC!
2025-01-24 21:56:14.911 | INFO     | __main__:process_message:62 - Fan note logged! - I believe in that Orlando MAGIC!
2025-01-24 21:56:15.906 | INFO     | __main__:generate_messages:89 - Generated buzz: The Denver Nuggets are going to reclaim the title this year
2025-01-24 21:56:15.906 | INFO     | __main__:generate_messages:91 - Sent message to topic 'buzzline': The Denver Nuggets are going to reclaim the title this year
2025-01-24 21:56:15.913 | INFO     | __main__:process_message:62 - Fan note logged! - The Denver Nuggets are going to reclaim the title this year
2025-01-24 21:56:16.907 | INFO     | __main__:generate_messages:89 - Generated buzz: Go KC Chiefs, yeah!!!
2025-01-24 21:56:16.907 | INFO     | __main__:generate_messages:91 - Sent message to topic 'buzzline': Go KC Chiefs, yeah!!!
2025-01-24 21:56:16.915 | INFO     | __main__:process_message:58 - Are you lost? That's not the NBA! - Go KC Chiefs, yeah!!!
2025-01-24 21:56:17.909 | INFO     | __main__:generate_messages:89 - Generated buzz: The Timberwolves aren't down and out, yet. They'll bounce back
2025-01-24 21:56:17.909 | INFO     | __main__:generate_messages:91 - Sent message to topic 'buzzline': The Timberwolves aren't down and out, yet. They'll bounce back
2025-01-24 21:56:17.916 | INFO     | __main__:process_message:62 - Fan note logged! - The Timberwolves aren't down and out, yet. They'll bounce back
2025-01-24 21:56:18.910 | INFO     | __main__:generate_messages:89 - Generated buzz: The Jazz will have a comeback season next year!
2025-01-24 21:56:18.910 | INFO     | __main__:generate_messages:91 - Sent message to topic 'buzzline': The Jazz will have a comeback season next year!
2025-01-24 21:56:19.911 | INFO     | __main__:generate_messages:89 - Generated buzz: The Knicks are going to win it all
2025-01-24 21:56:19.911 | INFO     | __main__:generate_messages:91 - Sent message to topic 'buzzline': The Knicks are going to win it all
2025-01-24 21:56:19.918 | INFO     | __main__:process_message:62 - Fan note logged! - The Knicks are going to win it all
2025-01-24 21:56:20.912 | INFO     | __main__:generate_messages:89 - Generated buzz: I haven't looked but I bet the Wizards are doing great!
2025-01-24 21:56:20.912 | INFO     | __main__:generate_messages:91 - Sent message to topic 'buzzline': I haven't looked but I bet the Wizards are doing great!
2025-01-24 21:56:21.913 | INFO     | __main__:generate_messages:89 - Generated buzz: The celtics are going to go back to back!
2025-01-24 21:56:21.913 | INFO     | __main__:generate_messages:91 - Sent message to topic 'buzzline': The celtics are going to go back to back!
2025-01-24 21:56:21.921 | INFO     | __main__:process_message:62 - Fan note logged! - The celtics are going to go back to back!
2025-01-24 21:56:22.914 | INFO     | __main__:generate_messages:89 - Generated buzz: It's Cleveland's year.
2025-01-24 21:56:22.914 | INFO     | __main__:generate_messages:91 - Sent message to topic 'buzzline': It's Cleveland's year.
2025-01-24 21:56:22.922 | INFO     | __main__:process_message:62 - Fan note logged! - It's Cleveland's year.
2025-01-24 21:56:23.915 | INFO     | __main__:generate_messages:89 - Generated buzz: I'm pulling to the Clippers!
2025-01-24 21:56:23.916 | INFO     | __main__:generate_messages:91 - Sent message to topic 'buzzline': I'm pulling to the Clippers!
2025-01-24 21:56:23.923 | INFO     | __main__:process_message:62 - Fan note logged! - I'm pulling to the Clippers!
2025-01-24 21:56:24.916 | INFO     | __main__:generate_messages:89 - Generated buzz: OKC Thunder let's goooo
2025-01-24 21:56:24.916 | INFO     | __main__:generate_messages:91 - Sent message to topic 'buzzline': OKC Thunder let's goooo
2025-01-24 21:56:24.925 | INFO     | __main__:process_message:62 - Fan note logged! - OKC Thunder let's goooo
2025-01-24 21:56:25.918 | INFO     | __main__:generate_messages:89 - Generated buzz: Rockets to the moon!
2025-01-24 21:56:25.918 | INFO     | __main__:generate_messages:91 - Sent message to topic 'buzzline': Rockets to the moon!
2025-01-24 21:56:25.927 | INFO     | __main__:process_message:62 - Fan note logged! - Rockets to the moon!
2025-01-24 21:56:26.919 | INFO     | __main__:generate_messages:89 - Generated buzz: LeBron and Bronny magic, let's see it!
2025-01-24 21:56:26.919 | INFO     | __main__:generate_messages:91 - Sent message to topic 'buzzline': LeBron and Bronny magic, let's see it!
2025-01-24 21:56:26.928 | INFO     | __main__:process_message:62 - Fan note logged! - LeBron and Bronny magic, let's see it!
2025-01-24 21:56:27.921 | INFO     | __main__:generate_messages:89 - Generated buzz: The suns are lookin HOT
2025-01-24 21:56:27.921 | INFO     | __main__:generate_messages:91 - Sent message to topic 'buzzline': The suns are lookin HOT
2025-01-24 21:56:27.929 | INFO     | __main__:process_message:62 - Fan note logged! - The suns are lookin HOT
2025-01-24 21:56:28.922 | INFO     | __main__:generate_messages:89 - Generated buzz: Grizzlies are going to destroy the competition come playoffs
2025-01-24 21:56:28.922 | INFO     | __main__:generate_messages:91 - Sent message to topic 'buzzline': Grizzlies are going to destroy the competition come playoffs
2025-01-24 21:56:28.931 | INFO     | __main__:process_message:62 - Fan note logged! - Grizzlies are going to destroy the competition come playoffs
2025-01-24 21:56:29.923 | INFO     | __main__:generate_messages:89 - Generated buzz: Come on, Heat. Quit giving me a stroke
2025-01-24 21:56:29.923 | INFO     | __main__:generate_messages:91 - Sent message to topic 'buzzline': Come on, Heat. Quit giving me a stroke
2025-01-24 21:56:29.932 | INFO     | __main__:process_message:62 - Fan note logged! - Come on, Heat. Quit giving me a stroke
2025-01-24 21:56:30.924 | INFO     | __main__:generate_messages:89 - Generated buzz: Is MJ still on the Bulls?
2025-01-24 21:56:30.924 | INFO     | __main__:generate_messages:91 - Sent message to topic 'buzzline': Is MJ still on the Bulls?
2025-01-24 21:56:30.934 | INFO     | __main__:process_message:62 - Fan note logged! - Is MJ still on the Bulls?
2025-01-24 21:56:31.925 | INFO     | __main__:generate_messages:89 - Generated buzz: I believe in that Orlando MAGIC!
2025-01-24 21:56:31.925 | INFO     | __main__:generate_messages:91 - Sent message to topic 'buzzline': I believe in that Orlando MAGIC!
2025-01-24 21:56:31.935 | INFO     | __main__:process_message:62 - Fan note logged! - I believe in that Orlando MAGIC!
2025-01-24 21:56:32.926 | INFO     | __main__:generate_messages:89 - Generated buzz: The Denver Nuggets are going to reclaim the title this year
2025-01-24 21:56:32.926 | INFO     | __main__:generate_messages:91 - Sent message to topic 'buzzline': The Denver Nuggets are going to reclaim the title this year
2025-01-24 21:56:32.936 | INFO     | __main__:process_message:62 - Fan note logged! - The Denver Nuggets are going to reclaim the title this year
2025-01-24 21:56:33.928 | INFO     | __main__:generate_messages:89 - Generated buzz: Go KC Chiefs, yeah!!!
2025-01-24 21:56:33.928 | INFO     | __main__:generate_messages:91 - Sent message to topic 'buzzline': Go KC Chiefs, yeah!!!
2025-01-24 21:56:33.938 | INFO     | __main__:process_message:58 - Are you lost? That's not the NBA! - Go KC Chiefs, yeah!!!
2025-01-24 21:56:34.929 | INFO     | __main__:generate_messages:89 - Generated buzz: The Timberwolves aren't down and out, yet. They'll bounce back
2025-01-24 21:56:34.929 | INFO     | __main__:generate_messages:91 - Sent message to topic 'buzzline': The Timberwolves aren't down and out, yet. They'll bounce back
2025-01-24 21:56:34.940 | INFO     | __main__:process_message:62 - Fan note logged! - The Timberwolves aren't down and out, yet. They'll bounce back
2025-01-24 21:56:35.930 | INFO     | __main__:generate_messages:89 - Generated buzz: The Jazz will have a comeback season next year!
2025-01-24 21:56:35.930 | INFO     | __main__:generate_messages:91 - Sent message to topic 'buzzline': The Jazz will have a comeback season next year!
2025-01-24 21:56:36.931 | INFO     | __main__:generate_messages:89 - Generated buzz: The Knicks are going to win it all
2025-01-24 21:56:36.931 | INFO     | __main__:generate_messages:91 - Sent message to topic 'buzzline': The Knicks are going to win it all
2025-01-24 21:56:36.942 | INFO     | __main__:process_message:62 - Fan note logged! - The Knicks are going to win it all
2025-01-24 21:56:37.932 | INFO     | __main__:generate_messages:89 - Generated buzz: I haven't looked but I bet the Wizards are doing great!
2025-01-24 21:56:37.932 | INFO     | __main__:generate_messages:91 - Sent message to topic 'buzzline': I haven't looked but I bet the Wizards are doing great!
2025-01-24 21:56:38.933 | INFO     | __main__:generate_messages:89 - Generated buzz: The celtics are going to go back to back!
2025-01-24 21:56:38.933 | INFO     | __main__:generate_messages:91 - Sent message to topic 'buzzline': The celtics are going to go back to back!
2025-01-24 21:56:38.945 | INFO     | __main__:process_message:62 - Fan note logged! - The celtics are going to go back to back!
2025-01-24 21:56:39.935 | INFO     | __main__:generate_messages:89 - Generated buzz: It's Cleveland's year.
2025-01-24 21:56:39.935 | INFO     | __main__:generate_messages:91 - Sent message to topic 'buzzline': It's Cleveland's year.
2025-01-24 21:56:39.946 | INFO     | __main__:process_message:62 - Fan note logged! - It's Cleveland's year.
2025-01-24 21:56:40.936 | INFO     | __main__:generate_messages:89 - Generated buzz: I'm pulling to the Clippers!
2025-01-24 21:56:40.936 | INFO     | __main__:generate_messages:91 - Sent message to topic 'buzzline': I'm pulling to the Clippers!
2025-01-24 21:56:40.939 | INFO     | __main__:process_message:62 - Fan note logged! - I'm pulling to the Clippers!
2025-01-24 21:56:41.937 | INFO     | __main__:generate_messages:89 - Generated buzz: OKC Thunder let's goooo
2025-01-24 21:56:41.937 | INFO     | __main__:generate_messages:91 - Sent message to topic 'buzzline': OKC Thunder let's goooo
2025-01-24 21:56:41.940 | INFO     | __main__:process_message:62 - Fan note logged! - OKC Thunder let's goooo
2025-01-24 21:56:42.938 | INFO     | __main__:generate_messages:89 - Generated buzz: Rockets to the moon!
2025-01-24 21:56:42.938 | INFO     | __main__:generate_messages:91 - Sent message to topic 'buzzline': Rockets to the moon!
2025-01-24 21:56:42.941 | INFO     | __main__:process_message:62 - Fan note logged! - Rockets to the moon!
2025-01-24 21:56:43.939 | INFO     | __main__:generate_messages:89 - Generated buzz: LeBron and Bronny magic, let's see it!
2025-01-24 21:56:43.940 | INFO     | __main__:generate_messages:91 - Sent message to topic 'buzzline': LeBron and Bronny magic, let's see it!
2025-01-24 21:56:43.943 | INFO     | __main__:process_message:62 - Fan note logged! - LeBron and Bronny magic, let's see it!
2025-01-24 21:56:44.940 | INFO     | __main__:generate_messages:89 - Generated buzz: The suns are lookin HOT
2025-01-24 21:56:44.940 | INFO     | __main__:generate_messages:91 - Sent message to topic 'buzzline': The suns are lookin HOT
2025-01-24 21:56:44.944 | INFO     | __main__:process_message:62 - Fan note logged! - The suns are lookin HOT
2025-01-24 21:56:45.941 | INFO     | __main__:generate_messages:89 - Generated buzz: Grizzlies are going to destroy the competition come playoffs
2025-01-24 21:56:45.942 | INFO     | __main__:generate_messages:91 - Sent message to topic 'buzzline': Grizzlies are going to destroy the competition come playoffs
2025-01-24 21:56:45.945 | INFO     | __main__:process_message:62 - Fan note logged! - Grizzlies are going to destroy the competition come playoffs
2025-01-24 21:56:46.942 | INFO     | __main__:generate_messages:89 - Generated buzz: Come on, Heat. Quit giving me a stroke
2025-01-24 21:56:46.942 | INFO     | __main__:generate_messages:91 - Sent message to topic 'buzzline': Come on, Heat. Quit giving me a stroke
2025-01-24 21:56:46.947 | INFO     | __main__:process_message:62 - Fan note logged! - Come on, Heat. Quit giving me a stroke
2025-01-24 21:56:47.944 | INFO     | __main__:generate_messages:89 - Generated buzz: Is MJ still on the Bulls?
2025-01-24 21:56:47.944 | INFO     | __main__:generate_messages:91 - Sent message to topic 'buzzline': Is MJ still on the Bulls?
2025-01-24 21:56:47.948 | INFO     | __main__:process_message:62 - Fan note logged! - Is MJ still on the Bulls?
2025-01-24 21:56:48.945 | INFO     | __main__:generate_messages:89 - Generated buzz: I believe in that Orlando MAGIC!
2025-01-24 21:56:48.945 | INFO     | __main__:generate_messages:91 - Sent message to topic 'buzzline': I believe in that Orlando MAGIC!
2025-01-24 21:56:48.949 | INFO     | __main__:process_message:62 - Fan note logged! - I believe in that Orlando MAGIC!
2025-01-24 21:56:49.946 | INFO     | __main__:generate_messages:89 - Generated buzz: The Denver Nuggets are going to reclaim the title this year
2025-01-24 21:56:49.946 | INFO     | __main__:generate_messages:91 - Sent message to topic 'buzzline': The Denver Nuggets are going to reclaim the title this year
2025-01-24 21:56:49.952 | INFO     | __main__:process_message:62 - Fan note logged! - The Denver Nuggets are going to reclaim the title this year
2025-01-24 21:56:50.947 | INFO     | __main__:generate_messages:89 - Generated buzz: Go KC Chiefs, yeah!!!
2025-01-24 21:56:50.947 | INFO     | __main__:generate_messages:91 - Sent message to topic 'buzzline': Go KC Chiefs, yeah!!!
2025-01-24 21:56:50.953 | INFO     | __main__:process_message:58 - Are you lost? That's not the NBA! - Go KC Chiefs, yeah!!!
2025-01-24 21:56:51.948 | INFO     | __main__:generate_messages:89 - Generated buzz: The Timberwolves aren't down and out, yet. They'll bounce back
2025-01-24 21:56:51.948 | INFO     | __main__:generate_messages:91 - Sent message to topic 'buzzline': The Timberwolves aren't down and out, yet. They'll bounce back
2025-01-24 21:56:51.954 | INFO     | __main__:process_message:62 - Fan note logged! - The Timberwolves aren't down and out, yet. They'll bounce back
2025-01-24 21:56:52.949 | INFO     | __main__:generate_messages:89 - Generated buzz: The Jazz will have a comeback season next year!
2025-01-24 21:56:52.949 | INFO     | __main__:generate_messages:91 - Sent message to topic 'buzzline': The Jazz will have a comeback season next year!
2025-01-24 21:56:53.951 | INFO     | __main__:generate_messages:89 - Generated buzz: The Knicks are going to win it all
2025-01-24 21:56:53.951 | INFO     | __main__:generate_messages:91 - Sent message to topic 'buzzline': The Knicks are going to win it all
2025-01-24 21:56:53.955 | INFO     | __main__:process_message:62 - Fan note logged! - The Knicks are going to win it all
2025-01-24 21:56:54.952 | INFO     | __main__:generate_messages:89 - Generated buzz: I haven't looked but I bet the Wizards are doing great!
2025-01-24 21:56:54.952 | INFO     | __main__:generate_messages:91 - Sent message to topic 'buzzline': I haven't looked but I bet the Wizards are doing great!
2025-01-24 21:56:55.953 | INFO     | __main__:generate_messages:89 - Generated buzz: The celtics are going to go back to back!
2025-01-24 21:56:55.953 | INFO     | __main__:generate_messages:91 - Sent message to topic 'buzzline': The celtics are going to go back to back!
2025-01-24 21:56:55.959 | INFO     | __main__:process_message:62 - Fan note logged! - The celtics are going to go back to back!
2025-01-24 21:56:56.954 | INFO     | __main__:generate_messages:89 - Generated buzz: It's Cleveland's year.
2025-01-24 21:56:56.954 | INFO     | __main__:generate_messages:91 - Sent message to topic 'buzzline': It's Cleveland's year.
2025-01-24 21:56:56.960 | INFO     | __main__:process_message:62 - Fan note logged! - It's Cleveland's year.
2025-01-24 21:56:57.956 | INFO     | __main__:generate_messages:89 - Generated buzz: I'm pulling to the Clippers!
2025-01-24 21:56:57.956 | INFO     | __main__:generate_messages:91 - Sent message to topic 'buzzline': I'm pulling to the Clippers!
2025-01-24 21:56:57.962 | INFO     | __main__:process_message:62 - Fan note logged! - I'm pulling to the Clippers!
2025-01-24 21:56:58.956 | INFO     | __main__:generate_messages:89 - Generated buzz: OKC Thunder let's goooo
2025-01-24 21:56:58.956 | INFO     | __main__:generate_messages:91 - Sent message to topic 'buzzline': OKC Thunder let's goooo
2025-01-24 21:56:58.963 | INFO     | __main__:process_message:62 - Fan note logged! - OKC Thunder let's goooo
2025-01-24 21:56:59.958 | INFO     | __main__:generate_messages:89 - Generated buzz: Rockets to the moon!
2025-01-24 21:56:59.958 | INFO     | __main__:generate_messages:91 - Sent message to topic 'buzzline': Rockets to the moon!
2025-01-24 21:56:59.965 | INFO     | __main__:process_message:62 - Fan note logged! - Rockets to the moon!
2025-01-24 21:57:00.958 | INFO     | __main__:generate_messages:89 - Generated buzz: LeBron and Bronny magic, let's see it!
2025-01-24 21:57:00.958 | INFO     | __main__:generate_messages:91 - Sent message to topic 'buzzline': LeBron and Bronny magic, let's see it!
2025-01-24 21:57:00.966 | INFO     | __main__:process_message:62 - Fan note logged! - LeBron and Bronny magic, let's see it!
2025-01-24 21:57:01.960 | INFO     | __main__:generate_messages:89 - Generated buzz: The suns are lookin HOT
2025-01-24 21:57:01.960 | INFO     | __main__:generate_messages:91 - Sent message to topic 'buzzline': The suns are lookin HOT
2025-01-24 21:57:01.968 | INFO     | __main__:process_message:62 - Fan note logged! - The suns are lookin HOT
2025-01-24 21:57:02.961 | INFO     | __main__:generate_messages:89 - Generated buzz: Grizzlies are going to destroy the competition come playoffs
2025-01-24 21:57:02.961 | INFO     | __main__:generate_messages:91 - Sent message to topic 'buzzline': Grizzlies are going to destroy the competition come playoffs
2025-01-24 21:57:02.969 | INFO     | __main__:process_message:62 - Fan note logged! - Grizzlies are going to destroy the competition come playoffs
2025-01-24 21:57:03.962 | INFO     | __main__:generate_messages:89 - Generated buzz: Come on, Heat. Quit giving me a stroke
2025-01-24 21:57:03.963 | INFO     | __main__:generate_messages:91 - Sent message to topic 'buzzline': Come on, Heat. Quit giving me a stroke
2025-01-24 21:57:03.971 | INFO     | __main__:process_message:62 - Fan note logged! - Come on, Heat. Quit giving me a stroke
2025-01-24 21:57:04.963 | INFO     | __main__:generate_messages:89 - Generated buzz: Is MJ still on the Bulls?
2025-01-24 21:57:04.963 | INFO     | __main__:generate_messages:91 - Sent message to topic 'buzzline': Is MJ still on the Bulls?
2025-01-24 21:57:04.971 | INFO     | __main__:process_message:62 - Fan note logged! - Is MJ still on the Bulls?
2025-01-24 21:57:05.964 | INFO     | __main__:generate_messages:89 - Generated buzz: I believe in that Orlando MAGIC!
2025-01-24 21:57:05.964 | INFO     | __main__:generate_messages:91 - Sent message to topic 'buzzline': I believe in that Orlando MAGIC!
2025-01-24 21:57:05.973 | INFO     | __main__:process_message:62 - Fan note logged! - I believe in that Orlando MAGIC!
2025-01-24 21:57:06.965 | INFO     | __main__:generate_messages:89 - Generated buzz: The Denver Nuggets are going to reclaim the title this year
2025-01-24 21:57:06.965 | INFO     | __main__:generate_messages:91 - Sent message to topic 'buzzline': The Denver Nuggets are going to reclaim the title this year
2025-01-24 21:57:06.974 | INFO     | __main__:process_message:62 - Fan note logged! - The Denver Nuggets are going to reclaim the title this year
2025-01-24 21:57:07.966 | INFO     | __main__:generate_messages:89 - Generated buzz: Go KC Chiefs, yeah!!!
2025-01-24 21:57:07.966 | INFO     | __main__:generate_messages:91 - Sent message to topic 'buzzline': Go KC Chiefs, yeah!!!
2025-01-24 21:57:07.975 | INFO     | __main__:process_message:58 - Are you lost? That's not the NBA! - Go KC Chiefs, yeah!!!
2025-01-24 21:57:08.967 | INFO     | __main__:generate_messages:89 - Generated buzz: The Timberwolves aren't down and out, yet. They'll bounce back
2025-01-24 21:57:08.967 | INFO     | __main__:generate_messages:91 - Sent message to topic 'buzzline': The Timberwolves aren't down and out, yet. They'll bounce back
2025-01-24 21:57:08.977 | INFO     | __main__:process_message:62 - Fan note logged! - The Timberwolves aren't down and out, yet. They'll bounce back
2025-01-24 21:57:09.968 | INFO     | __main__:generate_messages:89 - Generated buzz: The Jazz will have a comeback season next year!
2025-01-24 21:57:09.968 | INFO     | __main__:generate_messages:91 - Sent message to topic 'buzzline': The Jazz will have a comeback season next year!
2025-01-24 21:57:10.969 | INFO     | __main__:generate_messages:89 - Generated buzz: The Knicks are going to win it all
2025-01-24 21:57:10.969 | INFO     | __main__:generate_messages:91 - Sent message to topic 'buzzline': The Knicks are going to win it all
2025-01-24 21:57:10.979 | INFO     | __main__:process_message:62 - Fan note logged! - The Knicks are going to win it all
2025-01-24 21:57:11.971 | INFO     | __main__:generate_messages:89 - Generated buzz: I haven't looked but I bet the Wizards are doing great!
2025-01-24 21:57:11.971 | INFO     | __main__:generate_messages:91 - Sent message to topic 'buzzline': I haven't looked but I bet the Wizards are doing great!
2025-01-24 21:57:12.972 | INFO     | __main__:generate_messages:89 - Generated buzz: The celtics are going to go back to back!
2025-01-24 21:57:12.972 | INFO     | __main__:generate_messages:91 - Sent message to topic 'buzzline': The celtics are going to go back to back!
2025-01-24 21:57:12.982 | INFO     | __main__:process_message:62 - Fan note logged! - The celtics are going to go back to back!
2025-01-24 21:57:13.973 | INFO     | __main__:generate_messages:89 - Generated buzz: It's Cleveland's year.
2025-01-24 21:57:13.973 | INFO     | __main__:generate_messages:91 - Sent message to topic 'buzzline': It's Cleveland's year.
2025-01-24 21:57:13.981 | INFO     | __main__:process_message:62 - Fan note logged! - It's Cleveland's year.
2025-01-24 21:57:14.974 | INFO     | __main__:generate_messages:89 - Generated buzz: I'm pulling to the Clippers!
2025-01-24 21:57:14.974 | INFO     | __main__:generate_messages:91 - Sent message to topic 'buzzline': I'm pulling to the Clippers!
2025-01-24 21:57:14.985 | INFO     | __main__:process_message:62 - Fan note logged! - I'm pulling to the Clippers!
2025-01-24 21:57:15.975 | INFO     | __main__:generate_messages:89 - Generated buzz: OKC Thunder let's goooo
2025-01-24 21:57:15.975 | INFO     | __main__:generate_messages:91 - Sent message to topic 'buzzline': OKC Thunder let's goooo
2025-01-24 21:57:15.986 | INFO     | __main__:process_message:62 - Fan note logged! - OKC Thunder let's goooo
2025-01-24 21:57:16.977 | INFO     | __main__:generate_messages:89 - Generated buzz: Rockets to the moon!
2025-01-24 21:57:16.977 | INFO     | __main__:generate_messages:91 - Sent message to topic 'buzzline': Rockets to the moon!
2025-01-24 21:57:16.985 | INFO     | __main__:process_message:62 - Fan note logged! - Rockets to the moon!
2025-01-24 21:57:17.978 | INFO     | __main__:generate_messages:89 - Generated buzz: LeBron and Bronny magic, let's see it!
2025-01-24 21:57:17.978 | INFO     | __main__:generate_messages:91 - Sent message to topic 'buzzline': LeBron and Bronny magic, let's see it!
2025-01-24 21:57:17.989 | INFO     | __main__:process_message:62 - Fan note logged! - LeBron and Bronny magic, let's see it!
2025-01-24 21:57:18.979 | INFO     | __main__:generate_messages:89 - Generated buzz: The suns are lookin HOT
2025-01-24 21:57:18.979 | INFO     | __main__:generate_messages:91 - Sent message to topic 'buzzline': The suns are lookin HOT
2025-01-24 21:57:18.988 | INFO     | __main__:process_message:62 - Fan note logged! - The suns are lookin HOT
2025-01-24 21:57:19.980 | INFO     | __main__:generate_messages:89 - Generated buzz: Grizzlies are going to destroy the competition come playoffs
2025-01-24 21:57:19.980 | INFO     | __main__:generate_messages:91 - Sent message to topic 'buzzline': Grizzlies are going to destroy the competition come playoffs
2025-01-24 21:57:19.992 | INFO     | __main__:process_message:62 - Fan note logged! - Grizzlies are going to destroy the competition come playoffs
2025-01-24 21:57:20.981 | INFO     | __main__:generate_messages:89 - Generated buzz: Come on, Heat. Quit giving me a stroke
2025-01-24 21:57:20.982 | INFO     | __main__:generate_messages:91 - Sent message to topic 'buzzline': Come on, Heat. Quit giving me a stroke
2025-01-24 21:57:20.984 | INFO     | __main__:process_message:62 - Fan note logged! - Come on, Heat. Quit giving me a stroke
2025-01-24 21:57:21.982 | INFO     | __main__:generate_messages:89 - Generated buzz: Is MJ still on the Bulls?
2025-01-24 21:57:21.982 | INFO     | __main__:generate_messages:91 - Sent message to topic 'buzzline': Is MJ still on the Bulls?
2025-01-24 21:57:21.985 | INFO     | __main__:process_message:62 - Fan note logged! - Is MJ still on the Bulls?
2025-01-24 21:57:22.984 | INFO     | __main__:generate_messages:89 - Generated buzz: I believe in that Orlando MAGIC!
2025-01-24 21:57:22.984 | INFO     | __main__:generate_messages:91 - Sent message to topic 'buzzline': I believe in that Orlando MAGIC!
2025-01-24 21:57:22.987 | INFO     | __main__:process_message:62 - Fan note logged! - I believe in that Orlando MAGIC!
2025-01-24 21:57:23.985 | INFO     | __main__:generate_messages:89 - Generated buzz: The Denver Nuggets are going to reclaim the title this year
2025-01-24 21:57:23.985 | INFO     | __main__:generate_messages:91 - Sent message to topic 'buzzline': The Denver Nuggets are going to reclaim the title this year
2025-01-24 21:57:23.988 | INFO     | __main__:process_message:62 - Fan note logged! - The Denver Nuggets are going to reclaim the title this year
2025-01-24 21:57:24.986 | INFO     | __main__:generate_messages:89 - Generated buzz: Go KC Chiefs, yeah!!!
2025-01-24 21:57:24.986 | INFO     | __main__:generate_messages:91 - Sent message to topic 'buzzline': Go KC Chiefs, yeah!!!
2025-01-24 21:57:24.989 | INFO     | __main__:process_message:58 - Are you lost? That's not the NBA! - Go KC Chiefs, yeah!!!
2025-01-24 21:57:25.987 | INFO     | __main__:generate_messages:89 - Generated buzz: The Timberwolves aren't down and out, yet. They'll bounce back
2025-01-24 21:57:25.987 | INFO     | __main__:generate_messages:91 - Sent message to topic 'buzzline': The Timberwolves aren't down and out, yet. They'll bounce back
2025-01-24 21:57:25.991 | INFO     | __main__:process_message:62 - Fan note logged! - The Timberwolves aren't down and out, yet. They'll bounce back
2025-01-24 21:57:26.988 | INFO     | __main__:generate_messages:89 - Generated buzz: The Jazz will have a comeback season next year!
2025-01-24 21:57:26.988 | INFO     | __main__:generate_messages:91 - Sent message to topic 'buzzline': The Jazz will have a comeback season next year!
2025-01-24 21:57:27.989 | INFO     | __main__:generate_messages:89 - Generated buzz: The Knicks are going to win it all
2025-01-24 21:57:27.989 | INFO     | __main__:generate_messages:91 - Sent message to topic 'buzzline': The Knicks are going to win it all
2025-01-24 21:57:27.993 | INFO     | __main__:process_message:62 - Fan note logged! - The Knicks are going to win it all
2025-01-24 21:57:28.990 | INFO     | __main__:generate_messages:89 - Generated buzz: I haven't looked but I bet the Wizards are doing great!
2025-01-24 21:57:28.990 | INFO     | __main__:generate_messages:91 - Sent message to topic 'buzzline': I haven't looked but I bet the Wizards are doing great!
2025-01-24 21:57:29.991 | INFO     | __main__:generate_messages:89 - Generated buzz: The celtics are going to go back to back!
2025-01-24 21:57:29.991 | INFO     | __main__:generate_messages:91 - Sent message to topic 'buzzline': The celtics are going to go back to back!
2025-01-24 21:57:29.996 | INFO     | __main__:process_message:62 - Fan note logged! - The celtics are going to go back to back!
2025-01-24 21:57:30.992 | INFO     | __main__:generate_messages:89 - Generated buzz: It's Cleveland's year.
2025-01-24 21:57:30.992 | INFO     | __main__:generate_messages:91 - Sent message to topic 'buzzline': It's Cleveland's year.
2025-01-24 21:57:30.997 | INFO     | __main__:process_message:62 - Fan note logged! - It's Cleveland's year.
2025-01-24 21:57:31.993 | INFO     | __main__:generate_messages:89 - Generated buzz: I'm pulling to the Clippers!
2025-01-24 21:57:31.993 | INFO     | __main__:generate_messages:91 - Sent message to topic 'buzzline': I'm pulling to the Clippers!
2025-01-24 21:57:31.998 | INFO     | __main__:process_message:62 - Fan note logged! - I'm pulling to the Clippers!
2025-01-24 21:57:32.994 | INFO     | __main__:generate_messages:89 - Generated buzz: OKC Thunder let's goooo
2025-01-24 21:57:32.994 | INFO     | __main__:generate_messages:91 - Sent message to topic 'buzzline': OKC Thunder let's goooo
2025-01-24 21:57:32.999 | INFO     | __main__:process_message:62 - Fan note logged! - OKC Thunder let's goooo
2025-01-24 21:57:33.995 | INFO     | __main__:generate_messages:89 - Generated buzz: Rockets to the moon!
2025-01-24 21:57:33.995 | INFO     | __main__:generate_messages:91 - Sent message to topic 'buzzline': Rockets to the moon!
2025-01-24 21:57:34.001 | INFO     | __main__:process_message:62 - Fan note logged! - Rockets to the moon!
2025-01-24 21:57:34.996 | INFO     | __main__:generate_messages:89 - Generated buzz: LeBron and Bronny magic, let's see it!
2025-01-24 21:57:34.996 | INFO     | __main__:generate_messages:91 - Sent message to topic 'buzzline': LeBron and Bronny magic, let's see it!
2025-01-24 21:57:35.002 | INFO     | __main__:process_message:62 - Fan note logged! - LeBron and Bronny magic, let's see it!
2025-01-24 21:57:35.997 | INFO     | __main__:generate_messages:89 - Generated buzz: The suns are lookin HOT
2025-01-24 21:57:35.997 | INFO     | __main__:generate_messages:91 - Sent message to topic 'buzzline': The suns are lookin HOT
2025-01-24 21:57:36.004 | INFO     | __main__:process_message:62 - Fan note logged! - The suns are lookin HOT
2025-01-24 21:57:36.998 | INFO     | __main__:generate_messages:89 - Generated buzz: Grizzlies are going to destroy the competition come playoffs
2025-01-24 21:57:36.998 | INFO     | __main__:generate_messages:91 - Sent message to topic 'buzzline': Grizzlies are going to destroy the competition come playoffs
2025-01-24 21:57:37.004 | INFO     | __main__:process_message:62 - Fan note logged! - Grizzlies are going to destroy the competition come playoffs
2025-01-24 21:57:37.999 | INFO     | __main__:generate_messages:89 - Generated buzz: Come on, Heat. Quit giving me a stroke
2025-01-24 21:57:37.999 | INFO     | __main__:generate_messages:91 - Sent message to topic 'buzzline': Come on, Heat. Quit giving me a stroke
2025-01-24 21:57:38.007 | INFO     | __main__:process_message:62 - Fan note logged! - Come on, Heat. Quit giving me a stroke
2025-01-24 21:57:39.001 | INFO     | __main__:generate_messages:89 - Generated buzz: Is MJ still on the Bulls?
2025-01-24 21:57:39.001 | INFO     | __main__:generate_messages:91 - Sent message to topic 'buzzline': Is MJ still on the Bulls?
2025-01-24 21:57:39.007 | INFO     | __main__:process_message:62 - Fan note logged! - Is MJ still on the Bulls?
2025-01-24 21:57:40.002 | INFO     | __main__:generate_messages:89 - Generated buzz: I believe in that Orlando MAGIC!
2025-01-24 21:57:40.002 | INFO     | __main__:generate_messages:91 - Sent message to topic 'buzzline': I believe in that Orlando MAGIC!
2025-01-24 21:57:40.008 | INFO     | __main__:process_message:62 - Fan note logged! - I believe in that Orlando MAGIC!
2025-01-24 21:57:41.003 | INFO     | __main__:generate_messages:89 - Generated buzz: The Denver Nuggets are going to reclaim the title this year
2025-01-24 21:57:41.003 | INFO     | __main__:generate_messages:91 - Sent message to topic 'buzzline': The Denver Nuggets are going to reclaim the title this year
2025-01-24 21:57:41.010 | INFO     | __main__:process_message:62 - Fan note logged! - The Denver Nuggets are going to reclaim the title this year
2025-01-24 21:57:42.004 | INFO     | __main__:generate_messages:89 - Generated buzz: Go KC Chiefs, yeah!!!
2025-01-24 21:57:42.004 | INFO     | __main__:generate_messages:91 - Sent message to topic 'buzzline': Go KC Chiefs, yeah!!!
2025-01-24 21:57:42.011 | WARNING  | __main__:main:96 - Consumer interrupted by user.
2025-01-24 21:57:42.026 | INFO     | __main__:main:101 - Kafka consumer for topic 'buzzline' closed.
2025-01-24 21:57:42.026 | INFO     | __main__:main:103 - END consumer for topic 'buzzline' and group 'default_group'.
2025-01-24 21:57:43.005 | INFO     | __main__:generate_messages:89 - Generated buzz: The Timberwolves aren't down and out, yet. They'll bounce back
2025-01-24 21:57:43.005 | INFO     | __main__:generate_messages:91 - Sent message to topic 'buzzline': The Timberwolves aren't down and out, yet. They'll bounce back
2025-01-24 21:57:43.154 | WARNING  | __main__:generate_messages:94 - Producer interrupted by user.
2025-01-24 21:57:43.154 | INFO     | __main__:generate_messages:99 - Kafka producer closed.
2025-01-24 21:57:43.154 | INFO     | __main__:main:140 - END producer.
2025-01-24 21:59:44.476 | INFO     | utils.utils_logger:<module>:38 - Logging to file: logs\project_log.log
2025-01-24 21:59:44.477 | INFO     | __main__:main:115 - START producer.
2025-01-24 21:59:44.477 | INFO     | utils.utils_producer:get_zookeeper_address:57 - Zookeeper address: localhost:2181
2025-01-24 21:59:44.481 | INFO     | utils.utils_producer:check_zookeeper_service_is_ready:79 - Zookeeper is ready at localhost:2181.
2025-01-24 21:59:44.482 | INFO     | utils.utils_producer:get_kafka_broker_address:50 - Kafka broker address: localhost:9092
2025-01-24 21:59:44.792 | INFO     | utils.utils_producer:check_kafka_service_is_ready:98 - Kafka is ready. Brokers: {'throttle_time_ms': 0, 'brokers': [{'node_id': 1001, 'host': 'localhost', 'port': 9092, 'rack': None}], 'cluster_id': 'b_YEc9_mSjyM5tN5MA9yMQ', 'controller_id': 1001}
2025-01-24 21:59:44.792 | INFO     | __main__:get_kafka_topic:41 - Kafka topic: buzzline
2025-01-24 21:59:44.794 | INFO     | __main__:get_message_interval:48 - Message interval: 1 seconds
2025-01-24 21:59:44.794 | INFO     | utils.utils_producer:get_kafka_broker_address:50 - Kafka broker address: localhost:9092
2025-01-24 21:59:44.794 | INFO     | utils.utils_producer:create_kafka_producer:146 - Connecting to Kafka broker at localhost:9092...
2025-01-24 21:59:44.898 | INFO     | utils.utils_producer:create_kafka_producer:151 - Kafka producer successfully created.
2025-01-24 21:59:44.898 | INFO     | utils.utils_producer:get_kafka_broker_address:50 - Kafka broker address: localhost:9092
2025-01-24 21:59:45.209 | INFO     | utils.utils_producer:create_kafka_topic:172 - Topic 'buzzline' already exists. Clearing it out...
2025-01-24 21:59:45.209 | INFO     | utils.utils_producer:get_kafka_broker_address:50 - Kafka broker address: localhost:9092
2025-01-24 21:59:45.523 | ERROR    | utils.utils_producer:clear_kafka_topic:235 - Error managing retention for topic 'buzzline': list indices must be integers or slices, not ConfigResource
2025-01-24 21:59:45.523 | INFO     | __main__:main:131 - Kafka topic 'buzzline' is ready.
2025-01-24 21:59:45.523 | INFO     | __main__:main:137 - Starting message production to topic 'buzzline'...
2025-01-24 21:59:45.524 | INFO     | __main__:generate_messages:89 - Generated buzz: The Denver Nuggets are going to reclaim the title this year
2025-01-24 21:59:45.524 | INFO     | __main__:generate_messages:91 - Sent message to topic 'buzzline': The Denver Nuggets are going to reclaim the title this year
2025-01-24 21:59:46.525 | INFO     | __main__:generate_messages:89 - Generated buzz: Go KC Chiefs, yeah!!!
2025-01-24 21:59:46.525 | INFO     | __main__:generate_messages:91 - Sent message to topic 'buzzline': Go KC Chiefs, yeah!!!
2025-01-24 21:59:46.904 | INFO     | utils.utils_logger:<module>:38 - Logging to file: logs\project_log.log
2025-01-24 21:59:46.906 | INFO     | __main__:main:78 - START consumer.
2025-01-24 21:59:46.906 | INFO     | __main__:get_kafka_topic:35 - Kafka topic: buzzline
2025-01-24 21:59:46.906 | INFO     | __main__:get_kafka_consumer_group_id:42 - Kafka consumer group id: default_group
2025-01-24 21:59:46.906 | INFO     | __main__:main:83 - Consumer: Topic 'buzzline' and group 'default_group'...
2025-01-24 21:59:46.906 | INFO     | utils.utils_producer:get_kafka_broker_address:50 - Kafka broker address: localhost:9092
2025-01-24 21:59:46.906 | INFO     | utils.utils_consumer:create_kafka_consumer:44 - Creating Kafka consumer. Topic='buzzline' and group ID='default_group'.
2025-01-24 21:59:47.014 | INFO     | utils.utils_consumer:create_kafka_consumer:57 - Kafka consumer created successfully.
2025-01-24 21:59:47.014 | INFO     | __main__:main:89 - Polling messages from topic 'buzzline'...
2025-01-24 21:59:47.129 | INFO     | __main__:process_message:58 - Are you lost? That's not the NBA! - 'Go KC Chiefs, yeah!!!'
2025-01-24 21:59:47.130 | INFO     | __main__:process_message:62 - Fan note logged! - 'The Timberwolves aren't down and out, yet. They'll bounce back'
2025-01-24 21:59:47.130 | INFO     | __main__:process_message:62 - Fan note logged! - 'The Denver Nuggets are going to reclaim the title this year'
2025-01-24 21:59:47.130 | INFO     | __main__:process_message:58 - Are you lost? That's not the NBA! - 'Go KC Chiefs, yeah!!!'
2025-01-24 21:59:47.526 | INFO     | __main__:generate_messages:89 - Generated buzz: The Timberwolves aren't down and out, yet. They'll bounce back
2025-01-24 21:59:47.526 | INFO     | __main__:generate_messages:91 - Sent message to topic 'buzzline': The Timberwolves aren't down and out, yet. They'll bounce back
2025-01-24 21:59:47.535 | INFO     | __main__:process_message:62 - Fan note logged! - 'The Timberwolves aren't down and out, yet. They'll bounce back'
2025-01-24 21:59:48.527 | INFO     | __main__:generate_messages:89 - Generated buzz: The Jazz will have a comeback season next year!
2025-01-24 21:59:48.527 | INFO     | __main__:generate_messages:91 - Sent message to topic 'buzzline': The Jazz will have a comeback season next year!
2025-01-24 21:59:48.537 | INFO     | __main__:process_message:60 - That's a bold prediction, Cotton. Let's see if it pays off! - 'The Jazz will have a comeback season next year!'
2025-01-24 21:59:49.528 | INFO     | __main__:generate_messages:89 - Generated buzz: The Knicks are going to win it all
2025-01-24 21:59:49.528 | INFO     | __main__:generate_messages:91 - Sent message to topic 'buzzline': The Knicks are going to win it all
2025-01-24 21:59:49.538 | INFO     | __main__:process_message:62 - Fan note logged! - 'The Knicks are going to win it all'
2025-01-24 21:59:50.530 | INFO     | __main__:generate_messages:89 - Generated buzz: I haven't looked but I bet the Wizards are doing great!
2025-01-24 21:59:50.530 | INFO     | __main__:generate_messages:91 - Sent message to topic 'buzzline': I haven't looked but I bet the Wizards are doing great!
2025-01-24 21:59:50.540 | INFO     | __main__:process_message:60 - That's a bold prediction, Cotton. Let's see if it pays off! - 'I haven't looked but I bet the Wizards are doing great!'
2025-01-24 21:59:51.531 | INFO     | __main__:generate_messages:89 - Generated buzz: The celtics are going to go back to back!
2025-01-24 21:59:51.531 | INFO     | __main__:generate_messages:91 - Sent message to topic 'buzzline': The celtics are going to go back to back!
2025-01-24 21:59:51.541 | INFO     | __main__:process_message:62 - Fan note logged! - 'The celtics are going to go back to back!'
2025-01-24 21:59:52.532 | INFO     | __main__:generate_messages:89 - Generated buzz: It's Cleveland's year.
2025-01-24 21:59:52.532 | INFO     | __main__:generate_messages:91 - Sent message to topic 'buzzline': It's Cleveland's year.
2025-01-24 21:59:52.541 | INFO     | __main__:process_message:62 - Fan note logged! - 'It's Cleveland's year.'
2025-01-24 21:59:53.533 | INFO     | __main__:generate_messages:89 - Generated buzz: I'm pulling to the Clippers!
2025-01-24 21:59:53.533 | INFO     | __main__:generate_messages:91 - Sent message to topic 'buzzline': I'm pulling to the Clippers!
2025-01-24 21:59:53.543 | INFO     | __main__:process_message:62 - Fan note logged! - 'I'm pulling to the Clippers!'
2025-01-24 21:59:54.534 | INFO     | __main__:generate_messages:89 - Generated buzz: OKC Thunder let's goooo
2025-01-24 21:59:54.534 | INFO     | __main__:generate_messages:91 - Sent message to topic 'buzzline': OKC Thunder let's goooo
2025-01-24 21:59:54.543 | INFO     | __main__:process_message:62 - Fan note logged! - 'OKC Thunder let's goooo'
2025-01-24 21:59:55.535 | INFO     | __main__:generate_messages:89 - Generated buzz: Rockets to the moon!
2025-01-24 21:59:55.535 | INFO     | __main__:generate_messages:91 - Sent message to topic 'buzzline': Rockets to the moon!
2025-01-24 21:59:55.545 | INFO     | __main__:process_message:62 - Fan note logged! - 'Rockets to the moon!'
2025-01-24 21:59:56.537 | INFO     | __main__:generate_messages:89 - Generated buzz: LeBron and Bronny magic, let's see it!
2025-01-24 21:59:56.537 | INFO     | __main__:generate_messages:91 - Sent message to topic 'buzzline': LeBron and Bronny magic, let's see it!
2025-01-24 21:59:56.548 | INFO     | __main__:process_message:62 - Fan note logged! - 'LeBron and Bronny magic, let's see it!'
2025-01-24 21:59:57.538 | INFO     | __main__:generate_messages:89 - Generated buzz: The suns are lookin HOT
2025-01-24 21:59:57.538 | INFO     | __main__:generate_messages:91 - Sent message to topic 'buzzline': The suns are lookin HOT
2025-01-24 21:59:57.546 | INFO     | __main__:process_message:62 - Fan note logged! - 'The suns are lookin HOT'
2025-01-24 21:59:58.539 | INFO     | __main__:generate_messages:89 - Generated buzz: Grizzlies are going to destroy the competition come playoffs
2025-01-24 21:59:58.539 | INFO     | __main__:generate_messages:91 - Sent message to topic 'buzzline': Grizzlies are going to destroy the competition come playoffs
2025-01-24 21:59:58.549 | INFO     | __main__:process_message:62 - Fan note logged! - 'Grizzlies are going to destroy the competition come playoffs'
2025-01-24 21:59:59.541 | INFO     | __main__:generate_messages:89 - Generated buzz: Come on, Heat. Quit giving me a stroke
2025-01-24 21:59:59.541 | INFO     | __main__:generate_messages:91 - Sent message to topic 'buzzline': Come on, Heat. Quit giving me a stroke
2025-01-24 21:59:59.552 | INFO     | __main__:process_message:62 - Fan note logged! - 'Come on, Heat. Quit giving me a stroke'
2025-01-24 22:00:00.542 | INFO     | __main__:generate_messages:89 - Generated buzz: Is MJ still on the Bulls?
2025-01-24 22:00:00.542 | INFO     | __main__:generate_messages:91 - Sent message to topic 'buzzline': Is MJ still on the Bulls?
2025-01-24 22:00:00.554 | INFO     | __main__:process_message:62 - Fan note logged! - 'Is MJ still on the Bulls?'
2025-01-24 22:00:01.543 | INFO     | __main__:generate_messages:89 - Generated buzz: I believe in that Orlando MAGIC!
2025-01-24 22:00:01.543 | INFO     | __main__:generate_messages:91 - Sent message to topic 'buzzline': I believe in that Orlando MAGIC!
2025-01-24 22:00:01.546 | INFO     | __main__:process_message:62 - Fan note logged! - 'I believe in that Orlando MAGIC!'
2025-01-24 22:00:02.544 | INFO     | __main__:generate_messages:89 - Generated buzz: The Denver Nuggets are going to reclaim the title this year
2025-01-24 22:00:02.544 | INFO     | __main__:generate_messages:91 - Sent message to topic 'buzzline': The Denver Nuggets are going to reclaim the title this year
2025-01-24 22:00:02.546 | INFO     | __main__:process_message:62 - Fan note logged! - 'The Denver Nuggets are going to reclaim the title this year'
2025-01-24 22:00:03.545 | INFO     | __main__:generate_messages:89 - Generated buzz: Go KC Chiefs, yeah!!!
2025-01-24 22:00:03.545 | INFO     | __main__:generate_messages:91 - Sent message to topic 'buzzline': Go KC Chiefs, yeah!!!
2025-01-24 22:00:03.548 | INFO     | __main__:process_message:58 - Are you lost? That's not the NBA! - 'Go KC Chiefs, yeah!!!'
2025-01-24 22:00:04.546 | INFO     | __main__:generate_messages:89 - Generated buzz: The Timberwolves aren't down and out, yet. They'll bounce back
2025-01-24 22:00:04.546 | INFO     | __main__:generate_messages:91 - Sent message to topic 'buzzline': The Timberwolves aren't down and out, yet. They'll bounce back
2025-01-24 22:00:04.549 | INFO     | __main__:process_message:62 - Fan note logged! - 'The Timberwolves aren't down and out, yet. They'll bounce back'
2025-01-24 22:00:05.547 | INFO     | __main__:generate_messages:89 - Generated buzz: The Jazz will have a comeback season next year!
2025-01-24 22:00:05.547 | INFO     | __main__:generate_messages:91 - Sent message to topic 'buzzline': The Jazz will have a comeback season next year!
2025-01-24 22:00:05.551 | INFO     | __main__:process_message:60 - That's a bold prediction, Cotton. Let's see if it pays off! - 'The Jazz will have a comeback season next year!'
2025-01-24 22:00:06.549 | INFO     | __main__:generate_messages:89 - Generated buzz: The Knicks are going to win it all
2025-01-24 22:00:06.549 | INFO     | __main__:generate_messages:91 - Sent message to topic 'buzzline': The Knicks are going to win it all
2025-01-24 22:00:06.552 | INFO     | __main__:process_message:62 - Fan note logged! - 'The Knicks are going to win it all'
2025-01-24 22:00:07.550 | INFO     | __main__:generate_messages:89 - Generated buzz: I haven't looked but I bet the Wizards are doing great!
2025-01-24 22:00:07.550 | INFO     | __main__:generate_messages:91 - Sent message to topic 'buzzline': I haven't looked but I bet the Wizards are doing great!
2025-01-24 22:00:07.554 | INFO     | __main__:process_message:60 - That's a bold prediction, Cotton. Let's see if it pays off! - 'I haven't looked but I bet the Wizards are doing great!'
2025-01-24 22:00:08.551 | INFO     | __main__:generate_messages:89 - Generated buzz: The celtics are going to go back to back!
2025-01-24 22:00:08.551 | INFO     | __main__:generate_messages:91 - Sent message to topic 'buzzline': The celtics are going to go back to back!
2025-01-24 22:00:08.555 | INFO     | __main__:process_message:62 - Fan note logged! - 'The celtics are going to go back to back!'
2025-01-24 22:00:09.553 | INFO     | __main__:generate_messages:89 - Generated buzz: It's Cleveland's year.
2025-01-24 22:00:09.553 | INFO     | __main__:generate_messages:91 - Sent message to topic 'buzzline': It's Cleveland's year.
2025-01-24 22:00:09.557 | INFO     | __main__:process_message:62 - Fan note logged! - 'It's Cleveland's year.'
2025-01-24 22:00:10.554 | INFO     | __main__:generate_messages:89 - Generated buzz: I'm pulling to the Clippers!
2025-01-24 22:00:10.554 | INFO     | __main__:generate_messages:91 - Sent message to topic 'buzzline': I'm pulling to the Clippers!
2025-01-24 22:00:10.558 | INFO     | __main__:process_message:62 - Fan note logged! - 'I'm pulling to the Clippers!'
2025-01-24 22:00:11.555 | INFO     | __main__:generate_messages:89 - Generated buzz: OKC Thunder let's goooo
2025-01-24 22:00:11.555 | INFO     | __main__:generate_messages:91 - Sent message to topic 'buzzline': OKC Thunder let's goooo
2025-01-24 22:00:11.560 | INFO     | __main__:process_message:62 - Fan note logged! - 'OKC Thunder let's goooo'
2025-01-24 22:00:12.556 | INFO     | __main__:generate_messages:89 - Generated buzz: Rockets to the moon!
2025-01-24 22:00:12.556 | INFO     | __main__:generate_messages:91 - Sent message to topic 'buzzline': Rockets to the moon!
2025-01-24 22:00:12.561 | INFO     | __main__:process_message:62 - Fan note logged! - 'Rockets to the moon!'
2025-01-24 22:00:13.557 | INFO     | __main__:generate_messages:89 - Generated buzz: LeBron and Bronny magic, let's see it!
2025-01-24 22:00:13.557 | INFO     | __main__:generate_messages:91 - Sent message to topic 'buzzline': LeBron and Bronny magic, let's see it!
2025-01-24 22:00:13.562 | INFO     | __main__:process_message:62 - Fan note logged! - 'LeBron and Bronny magic, let's see it!'
2025-01-24 22:00:14.558 | INFO     | __main__:generate_messages:89 - Generated buzz: The suns are lookin HOT
2025-01-24 22:00:14.558 | INFO     | __main__:generate_messages:91 - Sent message to topic 'buzzline': The suns are lookin HOT
2025-01-24 22:00:14.562 | INFO     | __main__:process_message:62 - Fan note logged! - 'The suns are lookin HOT'
2025-01-24 22:00:15.559 | INFO     | __main__:generate_messages:89 - Generated buzz: Grizzlies are going to destroy the competition come playoffs
2025-01-24 22:00:15.559 | INFO     | __main__:generate_messages:91 - Sent message to topic 'buzzline': Grizzlies are going to destroy the competition come playoffs
2025-01-24 22:00:15.565 | INFO     | __main__:process_message:62 - Fan note logged! - 'Grizzlies are going to destroy the competition come playoffs'
2025-01-24 22:00:16.560 | INFO     | __main__:generate_messages:89 - Generated buzz: Come on, Heat. Quit giving me a stroke
2025-01-24 22:00:16.560 | INFO     | __main__:generate_messages:91 - Sent message to topic 'buzzline': Come on, Heat. Quit giving me a stroke
2025-01-24 22:00:16.566 | INFO     | __main__:process_message:62 - Fan note logged! - 'Come on, Heat. Quit giving me a stroke'
2025-01-24 22:00:17.561 | INFO     | __main__:generate_messages:89 - Generated buzz: Is MJ still on the Bulls?
2025-01-24 22:00:17.561 | INFO     | __main__:generate_messages:91 - Sent message to topic 'buzzline': Is MJ still on the Bulls?
2025-01-24 22:00:17.568 | INFO     | __main__:process_message:62 - Fan note logged! - 'Is MJ still on the Bulls?'
2025-01-24 22:00:18.562 | INFO     | __main__:generate_messages:89 - Generated buzz: I believe in that Orlando MAGIC!
2025-01-24 22:00:18.562 | INFO     | __main__:generate_messages:91 - Sent message to topic 'buzzline': I believe in that Orlando MAGIC!
2025-01-24 22:00:18.569 | INFO     | __main__:process_message:62 - Fan note logged! - 'I believe in that Orlando MAGIC!'
2025-01-24 22:00:19.563 | INFO     | __main__:generate_messages:89 - Generated buzz: The Denver Nuggets are going to reclaim the title this year
2025-01-24 22:00:19.563 | INFO     | __main__:generate_messages:91 - Sent message to topic 'buzzline': The Denver Nuggets are going to reclaim the title this year
2025-01-24 22:00:19.570 | INFO     | __main__:process_message:62 - Fan note logged! - 'The Denver Nuggets are going to reclaim the title this year'
2025-01-24 22:00:20.564 | INFO     | __main__:generate_messages:89 - Generated buzz: Go KC Chiefs, yeah!!!
2025-01-24 22:00:20.564 | INFO     | __main__:generate_messages:91 - Sent message to topic 'buzzline': Go KC Chiefs, yeah!!!
2025-01-24 22:00:20.571 | INFO     | __main__:process_message:58 - Are you lost? That's not the NBA! - 'Go KC Chiefs, yeah!!!'
2025-01-24 22:00:21.566 | INFO     | __main__:generate_messages:89 - Generated buzz: The Timberwolves aren't down and out, yet. They'll bounce back
2025-01-24 22:00:21.566 | INFO     | __main__:generate_messages:91 - Sent message to topic 'buzzline': The Timberwolves aren't down and out, yet. They'll bounce back
2025-01-24 22:00:21.573 | INFO     | __main__:process_message:62 - Fan note logged! - 'The Timberwolves aren't down and out, yet. They'll bounce back'
2025-01-24 22:00:22.567 | INFO     | __main__:generate_messages:89 - Generated buzz: The Jazz will have a comeback season next year!
2025-01-24 22:00:22.567 | INFO     | __main__:generate_messages:91 - Sent message to topic 'buzzline': The Jazz will have a comeback season next year!
2025-01-24 22:00:22.575 | INFO     | __main__:process_message:60 - That's a bold prediction, Cotton. Let's see if it pays off! - 'The Jazz will have a comeback season next year!'
2025-01-24 22:00:23.568 | INFO     | __main__:generate_messages:89 - Generated buzz: The Knicks are going to win it all
2025-01-24 22:00:23.568 | INFO     | __main__:generate_messages:91 - Sent message to topic 'buzzline': The Knicks are going to win it all
2025-01-24 22:00:23.576 | INFO     | __main__:process_message:62 - Fan note logged! - 'The Knicks are going to win it all'
2025-01-24 22:00:24.569 | INFO     | __main__:generate_messages:89 - Generated buzz: I haven't looked but I bet the Wizards are doing great!
2025-01-24 22:00:24.569 | INFO     | __main__:generate_messages:91 - Sent message to topic 'buzzline': I haven't looked but I bet the Wizards are doing great!
2025-01-24 22:00:24.578 | INFO     | __main__:process_message:60 - That's a bold prediction, Cotton. Let's see if it pays off! - 'I haven't looked but I bet the Wizards are doing great!'
2025-01-24 22:00:25.571 | INFO     | __main__:generate_messages:89 - Generated buzz: The celtics are going to go back to back!
2025-01-24 22:00:25.571 | INFO     | __main__:generate_messages:91 - Sent message to topic 'buzzline': The celtics are going to go back to back!
2025-01-24 22:00:25.579 | INFO     | __main__:process_message:62 - Fan note logged! - 'The celtics are going to go back to back!'
2025-01-24 22:00:26.572 | INFO     | __main__:generate_messages:89 - Generated buzz: It's Cleveland's year.
2025-01-24 22:00:26.572 | INFO     | __main__:generate_messages:91 - Sent message to topic 'buzzline': It's Cleveland's year.
2025-01-24 22:00:26.581 | INFO     | __main__:process_message:62 - Fan note logged! - 'It's Cleveland's year.'
2025-01-24 22:00:27.573 | INFO     | __main__:generate_messages:89 - Generated buzz: I'm pulling to the Clippers!
2025-01-24 22:00:27.573 | INFO     | __main__:generate_messages:91 - Sent message to topic 'buzzline': I'm pulling to the Clippers!
2025-01-24 22:00:27.581 | INFO     | __main__:process_message:62 - Fan note logged! - 'I'm pulling to the Clippers!'
2025-01-24 22:00:28.574 | INFO     | __main__:generate_messages:89 - Generated buzz: OKC Thunder let's goooo
2025-01-24 22:00:28.574 | INFO     | __main__:generate_messages:91 - Sent message to topic 'buzzline': OKC Thunder let's goooo
2025-01-24 22:00:28.584 | INFO     | __main__:process_message:62 - Fan note logged! - 'OKC Thunder let's goooo'
2025-01-24 22:00:29.575 | INFO     | __main__:generate_messages:89 - Generated buzz: Rockets to the moon!
2025-01-24 22:00:29.576 | INFO     | __main__:generate_messages:91 - Sent message to topic 'buzzline': Rockets to the moon!
2025-01-24 22:00:29.584 | INFO     | __main__:process_message:62 - Fan note logged! - 'Rockets to the moon!'
2025-01-24 22:00:30.576 | INFO     | __main__:generate_messages:89 - Generated buzz: LeBron and Bronny magic, let's see it!
2025-01-24 22:00:30.576 | INFO     | __main__:generate_messages:91 - Sent message to topic 'buzzline': LeBron and Bronny magic, let's see it!
2025-01-24 22:00:30.586 | INFO     | __main__:process_message:62 - Fan note logged! - 'LeBron and Bronny magic, let's see it!'
2025-01-24 22:00:31.578 | INFO     | __main__:generate_messages:89 - Generated buzz: The suns are lookin HOT
2025-01-24 22:00:31.578 | INFO     | __main__:generate_messages:91 - Sent message to topic 'buzzline': The suns are lookin HOT
2025-01-24 22:00:31.588 | INFO     | __main__:process_message:62 - Fan note logged! - 'The suns are lookin HOT'
2025-01-24 22:00:32.579 | INFO     | __main__:generate_messages:89 - Generated buzz: Grizzlies are going to destroy the competition come playoffs
2025-01-24 22:00:32.579 | INFO     | __main__:generate_messages:91 - Sent message to topic 'buzzline': Grizzlies are going to destroy the competition come playoffs
2025-01-24 22:00:32.588 | INFO     | __main__:process_message:62 - Fan note logged! - 'Grizzlies are going to destroy the competition come playoffs'
2025-01-24 22:00:33.580 | INFO     | __main__:generate_messages:89 - Generated buzz: Come on, Heat. Quit giving me a stroke
2025-01-24 22:00:33.580 | INFO     | __main__:generate_messages:91 - Sent message to topic 'buzzline': Come on, Heat. Quit giving me a stroke
2025-01-24 22:00:33.590 | INFO     | __main__:process_message:62 - Fan note logged! - 'Come on, Heat. Quit giving me a stroke'
2025-01-24 22:00:34.581 | INFO     | __main__:generate_messages:89 - Generated buzz: Is MJ still on the Bulls?
2025-01-24 22:00:34.582 | INFO     | __main__:generate_messages:91 - Sent message to topic 'buzzline': Is MJ still on the Bulls?
2025-01-24 22:00:34.592 | INFO     | __main__:process_message:62 - Fan note logged! - 'Is MJ still on the Bulls?'
2025-01-24 22:00:35.582 | INFO     | __main__:generate_messages:89 - Generated buzz: I believe in that Orlando MAGIC!
2025-01-24 22:00:35.583 | INFO     | __main__:generate_messages:91 - Sent message to topic 'buzzline': I believe in that Orlando MAGIC!
2025-01-24 22:00:35.593 | INFO     | __main__:process_message:62 - Fan note logged! - 'I believe in that Orlando MAGIC!'
2025-01-24 22:00:36.584 | INFO     | __main__:generate_messages:89 - Generated buzz: The Denver Nuggets are going to reclaim the title this year
2025-01-24 22:00:36.584 | INFO     | __main__:generate_messages:91 - Sent message to topic 'buzzline': The Denver Nuggets are going to reclaim the title this year
2025-01-24 22:00:36.595 | INFO     | __main__:process_message:62 - Fan note logged! - 'The Denver Nuggets are going to reclaim the title this year'
2025-01-24 22:00:37.585 | INFO     | __main__:generate_messages:89 - Generated buzz: Go KC Chiefs, yeah!!!
2025-01-24 22:00:37.585 | INFO     | __main__:generate_messages:91 - Sent message to topic 'buzzline': Go KC Chiefs, yeah!!!
2025-01-24 22:00:37.596 | INFO     | __main__:process_message:58 - Are you lost? That's not the NBA! - 'Go KC Chiefs, yeah!!!'
2025-01-24 22:00:38.586 | INFO     | __main__:generate_messages:89 - Generated buzz: The Timberwolves aren't down and out, yet. They'll bounce back
2025-01-24 22:00:38.587 | INFO     | __main__:generate_messages:91 - Sent message to topic 'buzzline': The Timberwolves aren't down and out, yet. They'll bounce back
2025-01-24 22:00:38.598 | INFO     | __main__:process_message:62 - Fan note logged! - 'The Timberwolves aren't down and out, yet. They'll bounce back'
2025-01-24 22:00:39.587 | INFO     | __main__:generate_messages:89 - Generated buzz: The Jazz will have a comeback season next year!
2025-01-24 22:00:39.587 | INFO     | __main__:generate_messages:91 - Sent message to topic 'buzzline': The Jazz will have a comeback season next year!
2025-01-24 22:00:39.598 | INFO     | __main__:process_message:60 - That's a bold prediction, Cotton. Let's see if it pays off! - 'The Jazz will have a comeback season next year!'
2025-01-24 22:00:40.589 | INFO     | __main__:generate_messages:89 - Generated buzz: The Knicks are going to win it all
2025-01-24 22:00:40.589 | INFO     | __main__:generate_messages:91 - Sent message to topic 'buzzline': The Knicks are going to win it all
2025-01-24 22:00:40.592 | INFO     | __main__:process_message:62 - Fan note logged! - 'The Knicks are going to win it all'
2025-01-24 22:00:41.590 | INFO     | __main__:generate_messages:89 - Generated buzz: I haven't looked but I bet the Wizards are doing great!
2025-01-24 22:00:41.590 | INFO     | __main__:generate_messages:91 - Sent message to topic 'buzzline': I haven't looked but I bet the Wizards are doing great!
2025-01-24 22:00:41.592 | INFO     | __main__:process_message:60 - That's a bold prediction, Cotton. Let's see if it pays off! - 'I haven't looked but I bet the Wizards are doing great!'
2025-01-24 22:00:42.591 | INFO     | __main__:generate_messages:89 - Generated buzz: The celtics are going to go back to back!
2025-01-24 22:00:42.591 | INFO     | __main__:generate_messages:91 - Sent message to topic 'buzzline': The celtics are going to go back to back!
2025-01-24 22:00:42.594 | INFO     | __main__:process_message:62 - Fan note logged! - 'The celtics are going to go back to back!'
2025-01-24 22:00:43.592 | INFO     | __main__:generate_messages:89 - Generated buzz: It's Cleveland's year.
2025-01-24 22:00:43.592 | INFO     | __main__:generate_messages:91 - Sent message to topic 'buzzline': It's Cleveland's year.
2025-01-24 22:00:43.595 | INFO     | __main__:process_message:62 - Fan note logged! - 'It's Cleveland's year.'
2025-01-24 22:00:44.593 | INFO     | __main__:generate_messages:89 - Generated buzz: I'm pulling to the Clippers!
2025-01-24 22:00:44.593 | INFO     | __main__:generate_messages:91 - Sent message to topic 'buzzline': I'm pulling to the Clippers!
2025-01-24 22:00:44.596 | INFO     | __main__:process_message:62 - Fan note logged! - 'I'm pulling to the Clippers!'
2025-01-24 22:00:45.594 | INFO     | __main__:generate_messages:89 - Generated buzz: OKC Thunder let's goooo
2025-01-24 22:00:45.594 | INFO     | __main__:generate_messages:91 - Sent message to topic 'buzzline': OKC Thunder let's goooo
2025-01-24 22:00:45.597 | INFO     | __main__:process_message:62 - Fan note logged! - 'OKC Thunder let's goooo'
2025-01-24 22:00:46.595 | INFO     | __main__:generate_messages:89 - Generated buzz: Rockets to the moon!
2025-01-24 22:00:46.595 | INFO     | __main__:generate_messages:91 - Sent message to topic 'buzzline': Rockets to the moon!
2025-01-24 22:00:46.598 | INFO     | __main__:process_message:62 - Fan note logged! - 'Rockets to the moon!'
2025-01-24 22:00:47.596 | INFO     | __main__:generate_messages:89 - Generated buzz: LeBron and Bronny magic, let's see it!
2025-01-24 22:00:47.596 | INFO     | __main__:generate_messages:91 - Sent message to topic 'buzzline': LeBron and Bronny magic, let's see it!
2025-01-24 22:00:47.599 | INFO     | __main__:process_message:62 - Fan note logged! - 'LeBron and Bronny magic, let's see it!'
2025-01-24 22:00:48.597 | INFO     | __main__:generate_messages:89 - Generated buzz: The suns are lookin HOT
2025-01-24 22:00:48.597 | INFO     | __main__:generate_messages:91 - Sent message to topic 'buzzline': The suns are lookin HOT
2025-01-24 22:00:48.601 | INFO     | __main__:process_message:62 - Fan note logged! - 'The suns are lookin HOT'
2025-01-24 22:00:49.598 | INFO     | __main__:generate_messages:89 - Generated buzz: Grizzlies are going to destroy the competition come playoffs
2025-01-24 22:00:49.598 | INFO     | __main__:generate_messages:91 - Sent message to topic 'buzzline': Grizzlies are going to destroy the competition come playoffs
2025-01-24 22:00:49.604 | INFO     | __main__:process_message:62 - Fan note logged! - 'Grizzlies are going to destroy the competition come playoffs'
2025-01-24 22:00:50.599 | INFO     | __main__:generate_messages:89 - Generated buzz: Come on, Heat. Quit giving me a stroke
2025-01-24 22:00:50.599 | INFO     | __main__:generate_messages:91 - Sent message to topic 'buzzline': Come on, Heat. Quit giving me a stroke
2025-01-24 22:00:50.605 | INFO     | __main__:process_message:62 - Fan note logged! - 'Come on, Heat. Quit giving me a stroke'
2025-01-24 22:00:51.600 | INFO     | __main__:generate_messages:89 - Generated buzz: Is MJ still on the Bulls?
2025-01-24 22:00:51.600 | INFO     | __main__:generate_messages:91 - Sent message to topic 'buzzline': Is MJ still on the Bulls?
2025-01-24 22:00:51.605 | INFO     | __main__:process_message:62 - Fan note logged! - 'Is MJ still on the Bulls?'
2025-01-24 22:00:52.601 | INFO     | __main__:generate_messages:89 - Generated buzz: I believe in that Orlando MAGIC!
2025-01-24 22:00:52.602 | INFO     | __main__:generate_messages:91 - Sent message to topic 'buzzline': I believe in that Orlando MAGIC!
2025-01-24 22:00:52.607 | INFO     | __main__:process_message:62 - Fan note logged! - 'I believe in that Orlando MAGIC!'
2025-01-24 22:00:53.179 | WARNING  | __main__:generate_messages:94 - Producer interrupted by user.
2025-01-24 22:00:53.180 | INFO     | __main__:generate_messages:99 - Kafka producer closed.
2025-01-24 22:00:53.180 | INFO     | __main__:main:140 - END producer.
2025-01-24 22:00:54.636 | WARNING  | __main__:main:96 - Consumer interrupted by user.
2025-01-24 22:00:54.644 | INFO     | __main__:main:101 - Kafka consumer for topic 'buzzline' closed.
2025-01-24 22:00:54.645 | INFO     | __main__:main:103 - END consumer for topic 'buzzline' and group 'default_group'.
